0 info it worked if it ends with ok
1 verbose cli [ 'C:\\Program Files\\nodejs\\node.exe',
1 verbose cli   'C:\\Users\\Samuel\\AppData\\Roaming\\npm\\node_modules\\npm\\bin\\npm-cli.js',
1 verbose cli   'install' ]
2 info using npm@3.10.3
3 info using node@v5.10.1
4 silly loadCurrentTree Starting
5 silly install loadCurrentTree
6 silly install readLocalPackageData
7 silly install normalizeTree
8 silly loadCurrentTree Finishing
9 silly loadIdealTree Starting
10 silly install loadIdealTree
11 silly cloneCurrentTree Starting
12 silly install cloneCurrentTreeToIdealTree
13 silly cloneCurrentTree Finishing
14 silly loadShrinkwrap Starting
15 silly install loadShrinkwrap
16 silly loadShrinkwrap Finishing
17 silly loadAllDepsIntoIdealTree Starting
18 silly install loadAllDepsIntoIdealTree
19 silly fetchNamedPackageData inherits
20 silly mapToRegistry name inherits
21 silly mapToRegistry using default registry
22 silly mapToRegistry registry https://registry.npmjs.org/
23 silly mapToRegistry data Result {
23 silly mapToRegistry   raw: 'inherits',
23 silly mapToRegistry   scope: null,
23 silly mapToRegistry   escapedName: 'inherits',
23 silly mapToRegistry   name: 'inherits',
23 silly mapToRegistry   rawSpec: '',
23 silly mapToRegistry   spec: 'latest',
23 silly mapToRegistry   type: 'tag' }
24 silly mapToRegistry uri https://registry.npmjs.org/inherits
25 silly fetchNamedPackageData node-event-emitter
26 silly mapToRegistry name node-event-emitter
27 silly mapToRegistry using default registry
28 silly mapToRegistry registry https://registry.npmjs.org/
29 silly mapToRegistry data Result {
29 silly mapToRegistry   raw: 'node-event-emitter',
29 silly mapToRegistry   scope: null,
29 silly mapToRegistry   escapedName: 'node-event-emitter',
29 silly mapToRegistry   name: 'node-event-emitter',
29 silly mapToRegistry   rawSpec: '',
29 silly mapToRegistry   spec: 'latest',
29 silly mapToRegistry   type: 'tag' }
30 silly mapToRegistry uri https://registry.npmjs.org/node-event-emitter
31 verbose request uri https://registry.npmjs.org/inherits
32 verbose request no auth needed
33 info attempt registry request try #1 at 2:17:17 PM
34 verbose request id c98e3a534c50f7f5
35 verbose etag "4D1KVDQ4GHML6TIB7FGIIWNZ5"
36 http request GET https://registry.npmjs.org/inherits
37 verbose request uri https://registry.npmjs.org/node-event-emitter
38 verbose request no auth needed
39 info attempt registry request try #1 at 2:17:17 PM
40 verbose etag "E30EAJVL720U0GU94W6YRWRFW"
41 http request GET https://registry.npmjs.org/node-event-emitter
42 http 304 https://registry.npmjs.org/inherits
43 verbose headers { date: 'Fri, 28 Oct 2016 13:17:22 GMT',
43 verbose headers   via: '1.1 varnish',
43 verbose headers   'cache-control': 'max-age=300',
43 verbose headers   etag: '"4D1KVDQ4GHML6TIB7FGIIWNZ5"',
43 verbose headers   age: '229',
43 verbose headers   connection: 'keep-alive',
43 verbose headers   'x-served-by': 'cache-ams4133-AMS',
43 verbose headers   'x-cache': 'HIT',
43 verbose headers   'x-cache-hits': '13',
43 verbose headers   'x-timer': 'S1477660642.063164,VS0,VE0',
43 verbose headers   vary: 'Accept-Encoding' }
44 silly get cb [ 304,
44 silly get   { date: 'Fri, 28 Oct 2016 13:17:22 GMT',
44 silly get     via: '1.1 varnish',
44 silly get     'cache-control': 'max-age=300',
44 silly get     etag: '"4D1KVDQ4GHML6TIB7FGIIWNZ5"',
44 silly get     age: '229',
44 silly get     connection: 'keep-alive',
44 silly get     'x-served-by': 'cache-ams4133-AMS',
44 silly get     'x-cache': 'HIT',
44 silly get     'x-cache-hits': '13',
44 silly get     'x-timer': 'S1477660642.063164,VS0,VE0',
44 silly get     vary: 'Accept-Encoding' } ]
45 verbose etag https://registry.npmjs.org/inherits from cache
46 verbose get saving inherits to C:\Users\Samuel\AppData\Roaming\npm-cache\registry.npmjs.org\inherits\.cache.json
47 verbose correctMkdir C:\Users\Samuel\AppData\Roaming\npm-cache correctMkdir not in flight; initializing
48 silly resolveWithNewModule inherits@2.0.3 checking installable status
49 silly cache add args [ 'inherits@^2.0.1', null ]
50 verbose cache add spec inherits@^2.0.1
51 silly cache add parsed spec Result {
51 silly cache add   raw: 'inherits@^2.0.1',
51 silly cache add   scope: null,
51 silly cache add   escapedName: 'inherits',
51 silly cache add   name: 'inherits',
51 silly cache add   rawSpec: '^2.0.1',
51 silly cache add   spec: '>=2.0.1 <3.0.0',
51 silly cache add   type: 'range' }
52 silly addNamed inherits@>=2.0.1 <3.0.0
53 verbose addNamed ">=2.0.1 <3.0.0" is a valid semver range for inherits
54 silly addNameRange { name: 'inherits', range: '>=2.0.1 <3.0.0', hasData: false }
55 silly mapToRegistry name inherits
56 silly mapToRegistry using default registry
57 silly mapToRegistry registry https://registry.npmjs.org/
58 silly mapToRegistry data Result {
58 silly mapToRegistry   raw: 'inherits',
58 silly mapToRegistry   scope: null,
58 silly mapToRegistry   escapedName: 'inherits',
58 silly mapToRegistry   name: 'inherits',
58 silly mapToRegistry   rawSpec: '',
58 silly mapToRegistry   spec: 'latest',
58 silly mapToRegistry   type: 'tag' }
59 silly mapToRegistry uri https://registry.npmjs.org/inherits
60 verbose addNameRange registry:https://registry.npmjs.org/inherits not in flight; fetching
61 verbose get https://registry.npmjs.org/inherits not expired, no request
62 silly addNameRange number 2 { name: 'inherits', range: '>=2.0.1 <3.0.0', hasData: true }
63 silly addNameRange versions [ 'inherits',
63 silly addNameRange   [ '1.0.0', '2.0.0', '2.0.1', '1.0.1', '1.0.2', '2.0.3' ] ]
64 silly addNamed inherits@2.0.3
65 verbose addNamed "2.0.3" is a plain semver version for inherits
66 silly cache afterAdd inherits@2.0.3
67 verbose afterAdd C:\Users\Samuel\AppData\Roaming\npm-cache\inherits\2.0.3\package\package.json not in flight; writing
68 verbose correctMkdir C:\Users\Samuel\AppData\Roaming\npm-cache correctMkdir not in flight; initializing
69 verbose afterAdd C:\Users\Samuel\AppData\Roaming\npm-cache\inherits\2.0.3\package\package.json written
70 http 304 https://registry.npmjs.org/node-event-emitter
71 verbose headers { date: 'Fri, 28 Oct 2016 13:17:22 GMT',
71 verbose headers   via: '1.1 varnish',
71 verbose headers   'cache-control': 'max-age=300',
71 verbose headers   etag: '"E30EAJVL720U0GU94W6YRWRFW"',
71 verbose headers   age: '0',
71 verbose headers   connection: 'keep-alive',
71 verbose headers   'x-served-by': 'cache-ams4424-AMS',
71 verbose headers   'x-cache': 'MISS',
71 verbose headers   'x-cache-hits': '0',
71 verbose headers   'x-timer': 'S1477660642.382509,VS0,VE695',
71 verbose headers   vary: 'Accept-Encoding' }
72 silly get cb [ 304,
72 silly get   { date: 'Fri, 28 Oct 2016 13:17:22 GMT',
72 silly get     via: '1.1 varnish',
72 silly get     'cache-control': 'max-age=300',
72 silly get     etag: '"E30EAJVL720U0GU94W6YRWRFW"',
72 silly get     age: '0',
72 silly get     connection: 'keep-alive',
72 silly get     'x-served-by': 'cache-ams4424-AMS',
72 silly get     'x-cache': 'MISS',
72 silly get     'x-cache-hits': '0',
72 silly get     'x-timer': 'S1477660642.382509,VS0,VE695',
72 silly get     vary: 'Accept-Encoding' } ]
73 verbose etag https://registry.npmjs.org/node-event-emitter from cache
74 verbose get saving node-event-emitter to C:\Users\Samuel\AppData\Roaming\npm-cache\registry.npmjs.org\node-event-emitter\.cache.json
75 verbose correctMkdir C:\Users\Samuel\AppData\Roaming\npm-cache correctMkdir not in flight; initializing
76 silly resolveWithNewModule node-event-emitter@0.0.1 checking installable status
77 silly cache add args [ 'node-event-emitter@0.0.1', null ]
78 verbose cache add spec node-event-emitter@0.0.1
79 silly cache add parsed spec Result {
79 silly cache add   raw: 'node-event-emitter@0.0.1',
79 silly cache add   scope: null,
79 silly cache add   escapedName: 'node-event-emitter',
79 silly cache add   name: 'node-event-emitter',
79 silly cache add   rawSpec: '0.0.1',
79 silly cache add   spec: '0.0.1',
79 silly cache add   type: 'version' }
80 silly addNamed node-event-emitter@0.0.1
81 verbose addNamed "0.0.1" is a plain semver version for node-event-emitter
82 silly mapToRegistry name node-event-emitter
83 silly mapToRegistry using default registry
84 silly mapToRegistry registry https://registry.npmjs.org/
85 silly mapToRegistry data Result {
85 silly mapToRegistry   raw: 'node-event-emitter',
85 silly mapToRegistry   scope: null,
85 silly mapToRegistry   escapedName: 'node-event-emitter',
85 silly mapToRegistry   name: 'node-event-emitter',
85 silly mapToRegistry   rawSpec: '',
85 silly mapToRegistry   spec: 'latest',
85 silly mapToRegistry   type: 'tag' }
86 silly mapToRegistry uri https://registry.npmjs.org/node-event-emitter
87 verbose addNameVersion registry:https://registry.npmjs.org/node-event-emitter not in flight; fetching
88 verbose get https://registry.npmjs.org/node-event-emitter not expired, no request
89 silly cache afterAdd node-event-emitter@0.0.1
90 verbose afterAdd C:\Users\Samuel\AppData\Roaming\npm-cache\node-event-emitter\0.0.1\package\package.json not in flight; writing
91 verbose correctMkdir C:\Users\Samuel\AppData\Roaming\npm-cache correctMkdir not in flight; initializing
92 verbose afterAdd C:\Users\Samuel\AppData\Roaming\npm-cache\node-event-emitter\0.0.1\package\package.json written
93 silly fetchNamedPackageData benchmark
94 silly mapToRegistry name benchmark
95 silly mapToRegistry using default registry
96 silly mapToRegistry registry https://registry.npmjs.org/
97 silly mapToRegistry data Result {
97 silly mapToRegistry   raw: 'benchmark',
97 silly mapToRegistry   scope: null,
97 silly mapToRegistry   escapedName: 'benchmark',
97 silly mapToRegistry   name: 'benchmark',
97 silly mapToRegistry   rawSpec: '',
97 silly mapToRegistry   spec: 'latest',
97 silly mapToRegistry   type: 'tag' }
98 silly mapToRegistry uri https://registry.npmjs.org/benchmark
99 silly fetchNamedPackageData browserify
100 silly mapToRegistry name browserify
101 silly mapToRegistry using default registry
102 silly mapToRegistry registry https://registry.npmjs.org/
103 silly mapToRegistry data Result {
103 silly mapToRegistry   raw: 'browserify',
103 silly mapToRegistry   scope: null,
103 silly mapToRegistry   escapedName: 'browserify',
103 silly mapToRegistry   name: 'browserify',
103 silly mapToRegistry   rawSpec: '',
103 silly mapToRegistry   spec: 'latest',
103 silly mapToRegistry   type: 'tag' }
104 silly mapToRegistry uri https://registry.npmjs.org/browserify
105 silly fetchNamedPackageData libxmljs
106 silly mapToRegistry name libxmljs
107 silly mapToRegistry using default registry
108 silly mapToRegistry registry https://registry.npmjs.org/
109 silly mapToRegistry data Result {
109 silly mapToRegistry   raw: 'libxmljs',
109 silly mapToRegistry   scope: null,
109 silly mapToRegistry   escapedName: 'libxmljs',
109 silly mapToRegistry   name: 'libxmljs',
109 silly mapToRegistry   rawSpec: '',
109 silly mapToRegistry   spec: 'latest',
109 silly mapToRegistry   type: 'tag' }
110 silly mapToRegistry uri https://registry.npmjs.org/libxmljs
111 silly fetchNamedPackageData microtime
112 silly mapToRegistry name microtime
113 silly mapToRegistry using default registry
114 silly mapToRegistry registry https://registry.npmjs.org/
115 silly mapToRegistry data Result {
115 silly mapToRegistry   raw: 'microtime',
115 silly mapToRegistry   scope: null,
115 silly mapToRegistry   escapedName: 'microtime',
115 silly mapToRegistry   name: 'microtime',
115 silly mapToRegistry   rawSpec: '',
115 silly mapToRegistry   spec: 'latest',
115 silly mapToRegistry   type: 'tag' }
116 silly mapToRegistry uri https://registry.npmjs.org/microtime
117 silly fetchNamedPackageData node-expat
118 silly mapToRegistry name node-expat
119 silly mapToRegistry using default registry
120 silly mapToRegistry registry https://registry.npmjs.org/
121 silly mapToRegistry data Result {
121 silly mapToRegistry   raw: 'node-expat',
121 silly mapToRegistry   scope: null,
121 silly mapToRegistry   escapedName: 'node-expat',
121 silly mapToRegistry   name: 'node-expat',
121 silly mapToRegistry   rawSpec: '',
121 silly mapToRegistry   spec: 'latest',
121 silly mapToRegistry   type: 'tag' }
122 silly mapToRegistry uri https://registry.npmjs.org/node-expat
123 silly fetchNamedPackageData node-xml
124 silly mapToRegistry name node-xml
125 silly mapToRegistry using default registry
126 silly mapToRegistry registry https://registry.npmjs.org/
127 silly mapToRegistry data Result {
127 silly mapToRegistry   raw: 'node-xml',
127 silly mapToRegistry   scope: null,
127 silly mapToRegistry   escapedName: 'node-xml',
127 silly mapToRegistry   name: 'node-xml',
127 silly mapToRegistry   rawSpec: '',
127 silly mapToRegistry   spec: 'latest',
127 silly mapToRegistry   type: 'tag' }
128 silly mapToRegistry uri https://registry.npmjs.org/node-xml
129 silly fetchNamedPackageData sax
130 silly mapToRegistry name sax
131 silly mapToRegistry using default registry
132 silly mapToRegistry registry https://registry.npmjs.org/
133 silly mapToRegistry data Result {
133 silly mapToRegistry   raw: 'sax',
133 silly mapToRegistry   scope: null,
133 silly mapToRegistry   escapedName: 'sax',
133 silly mapToRegistry   name: 'sax',
133 silly mapToRegistry   rawSpec: '',
133 silly mapToRegistry   spec: 'latest',
133 silly mapToRegistry   type: 'tag' }
134 silly mapToRegistry uri https://registry.npmjs.org/sax
135 silly fetchNamedPackageData standard
136 silly mapToRegistry name standard
137 silly mapToRegistry using default registry
138 silly mapToRegistry registry https://registry.npmjs.org/
139 silly mapToRegistry data Result {
139 silly mapToRegistry   raw: 'standard',
139 silly mapToRegistry   scope: null,
139 silly mapToRegistry   escapedName: 'standard',
139 silly mapToRegistry   name: 'standard',
139 silly mapToRegistry   rawSpec: '',
139 silly mapToRegistry   spec: 'latest',
139 silly mapToRegistry   type: 'tag' }
140 silly mapToRegistry uri https://registry.npmjs.org/standard
141 silly fetchNamedPackageData vows
142 silly mapToRegistry name vows
143 silly mapToRegistry using default registry
144 silly mapToRegistry registry https://registry.npmjs.org/
145 silly mapToRegistry data Result {
145 silly mapToRegistry   raw: 'vows',
145 silly mapToRegistry   scope: null,
145 silly mapToRegistry   escapedName: 'vows',
145 silly mapToRegistry   name: 'vows',
145 silly mapToRegistry   rawSpec: '',
145 silly mapToRegistry   spec: 'latest',
145 silly mapToRegistry   type: 'tag' }
146 silly mapToRegistry uri https://registry.npmjs.org/vows
147 verbose request uri https://registry.npmjs.org/microtime
148 verbose request no auth needed
149 info attempt registry request try #1 at 2:17:28 PM
150 http request GET https://registry.npmjs.org/microtime
151 verbose request uri https://registry.npmjs.org/libxmljs
152 verbose request no auth needed
153 info attempt registry request try #1 at 2:17:28 PM
154 http request GET https://registry.npmjs.org/libxmljs
155 verbose request uri https://registry.npmjs.org/node-expat
156 verbose request no auth needed
157 info attempt registry request try #1 at 2:17:28 PM
158 http request GET https://registry.npmjs.org/node-expat
159 verbose request uri https://registry.npmjs.org/vows
160 verbose request no auth needed
161 info attempt registry request try #1 at 2:17:28 PM
162 http request GET https://registry.npmjs.org/vows
163 verbose request uri https://registry.npmjs.org/benchmark
164 verbose request no auth needed
165 info attempt registry request try #1 at 2:17:28 PM
166 verbose etag "V54HEDWN7KN6R6AQ9187TAFT"
167 http request GET https://registry.npmjs.org/benchmark
168 verbose request uri https://registry.npmjs.org/node-xml
169 verbose request no auth needed
170 info attempt registry request try #1 at 2:17:28 PM
171 verbose etag "D5TG8C2G3G0S8899GZYLN67D"
172 http request GET https://registry.npmjs.org/node-xml
173 verbose request uri https://registry.npmjs.org/browserify
174 verbose request no auth needed
175 info attempt registry request try #1 at 2:17:28 PM
176 verbose etag "1ASPWSTFKM5QFKK2RZ6V963JX"
177 http request GET https://registry.npmjs.org/browserify
178 verbose request uri https://registry.npmjs.org/standard
179 verbose request no auth needed
180 info attempt registry request try #1 at 2:17:28 PM
181 verbose etag "8FHNZZ026XBAM4UAGS6SS453F"
182 http request GET https://registry.npmjs.org/standard
183 verbose request uri https://registry.npmjs.org/sax
184 verbose request no auth needed
185 info attempt registry request try #1 at 2:17:28 PM
186 verbose etag "DRPOP7XRJRTUPMF3JF1XQOHRZ"
187 http request GET https://registry.npmjs.org/sax
188 http 200 https://registry.npmjs.org/microtime
189 verbose headers { server: 'CouchDB/1.5.0 (Erlang OTP/R16B03)',
189 verbose headers   etag: '"87SNWA36BXNBHOO7DR4Z9L6SV"',
189 verbose headers   'content-type': 'application/json',
189 verbose headers   'content-encoding': 'gzip',
189 verbose headers   'cache-control': 'max-age=300',
189 verbose headers   'content-length': '4901',
189 verbose headers   'accept-ranges': 'bytes',
189 verbose headers   date: 'Fri, 28 Oct 2016 13:17:28 GMT',
189 verbose headers   via: '1.1 varnish',
189 verbose headers   age: '0',
189 verbose headers   connection: 'keep-alive',
189 verbose headers   'x-served-by': 'cache-ams4133-AMS',
189 verbose headers   'x-cache': 'MISS',
189 verbose headers   'x-cache-hits': '1',
189 verbose headers   'x-timer': 'S1477660648.243696,VS0,VE716',
189 verbose headers   vary: 'Accept-Encoding' }
190 silly get cb [ 200,
190 silly get   { server: 'CouchDB/1.5.0 (Erlang OTP/R16B03)',
190 silly get     etag: '"87SNWA36BXNBHOO7DR4Z9L6SV"',
190 silly get     'content-type': 'application/json',
190 silly get     'content-encoding': 'gzip',
190 silly get     'cache-control': 'max-age=300',
190 silly get     'content-length': '4901',
190 silly get     'accept-ranges': 'bytes',
190 silly get     date: 'Fri, 28 Oct 2016 13:17:28 GMT',
190 silly get     via: '1.1 varnish',
190 silly get     age: '0',
190 silly get     connection: 'keep-alive',
190 silly get     'x-served-by': 'cache-ams4133-AMS',
190 silly get     'x-cache': 'MISS',
190 silly get     'x-cache-hits': '1',
190 silly get     'x-timer': 'S1477660648.243696,VS0,VE716',
190 silly get     vary: 'Accept-Encoding' } ]
191 verbose get saving microtime to C:\Users\Samuel\AppData\Roaming\npm-cache\registry.npmjs.org\microtime\.cache.json
192 verbose correctMkdir C:\Users\Samuel\AppData\Roaming\npm-cache correctMkdir not in flight; initializing
193 silly resolveWithNewModule microtime@2.1.1 checking installable status
194 silly cache add args [ 'microtime@^2.0.0', null ]
195 verbose cache add spec microtime@^2.0.0
196 silly cache add parsed spec Result {
196 silly cache add   raw: 'microtime@^2.0.0',
196 silly cache add   scope: null,
196 silly cache add   escapedName: 'microtime',
196 silly cache add   name: 'microtime',
196 silly cache add   rawSpec: '^2.0.0',
196 silly cache add   spec: '>=2.0.0 <3.0.0',
196 silly cache add   type: 'range' }
197 silly addNamed microtime@>=2.0.0 <3.0.0
198 verbose addNamed ">=2.0.0 <3.0.0" is a valid semver range for microtime
199 silly addNameRange { name: 'microtime', range: '>=2.0.0 <3.0.0', hasData: false }
200 silly mapToRegistry name microtime
201 silly mapToRegistry using default registry
202 silly mapToRegistry registry https://registry.npmjs.org/
203 silly mapToRegistry data Result {
203 silly mapToRegistry   raw: 'microtime',
203 silly mapToRegistry   scope: null,
203 silly mapToRegistry   escapedName: 'microtime',
203 silly mapToRegistry   name: 'microtime',
203 silly mapToRegistry   rawSpec: '',
203 silly mapToRegistry   spec: 'latest',
203 silly mapToRegistry   type: 'tag' }
204 silly mapToRegistry uri https://registry.npmjs.org/microtime
205 verbose addNameRange registry:https://registry.npmjs.org/microtime not in flight; fetching
206 verbose get https://registry.npmjs.org/microtime not expired, no request
207 silly addNameRange number 2 { name: 'microtime', range: '>=2.0.0 <3.0.0', hasData: true }
208 silly addNameRange versions [ 'microtime',
208 silly addNameRange   [ '0.1.0',
208 silly addNameRange     '0.1.1',
208 silly addNameRange     '0.1.2',
208 silly addNameRange     '0.1.3',
208 silly addNameRange     '0.1.3-1',
208 silly addNameRange     '0.2.0',
208 silly addNameRange     '0.3.0',
208 silly addNameRange     '0.3.1',
208 silly addNameRange     '0.3.2',
208 silly addNameRange     '0.3.3',
208 silly addNameRange     '0.4.0',
208 silly addNameRange     '0.5.0',
208 silly addNameRange     '0.5.1',
208 silly addNameRange     '0.6.0',
208 silly addNameRange     '1.0.0',
208 silly addNameRange     '1.0.1',
208 silly addNameRange     '1.1.0',
208 silly addNameRange     '1.1.1',
208 silly addNameRange     '1.2.0',
208 silly addNameRange     '1.3.0',
208 silly addNameRange     '1.4.0',
208 silly addNameRange     '1.4.1',
208 silly addNameRange     '1.4.2',
208 silly addNameRange     '2.0.0',
208 silly addNameRange     '1.5.0',
208 silly addNameRange     '2.1.0',
208 silly addNameRange     '2.1.1' ] ]
209 silly addNamed microtime@2.1.1
210 verbose addNamed "2.1.1" is a plain semver version for microtime
211 silly mapToRegistry name microtime
212 silly mapToRegistry using default registry
213 silly mapToRegistry registry https://registry.npmjs.org/
214 silly mapToRegistry data Result {
214 silly mapToRegistry   raw: 'microtime',
214 silly mapToRegistry   scope: null,
214 silly mapToRegistry   escapedName: 'microtime',
214 silly mapToRegistry   name: 'microtime',
214 silly mapToRegistry   rawSpec: '',
214 silly mapToRegistry   spec: 'latest',
214 silly mapToRegistry   type: 'tag' }
215 silly mapToRegistry uri https://registry.npmjs.org/microtime
216 verbose addRemoteTarball https://registry.npmjs.org/microtime/-/microtime-2.1.1.tgz not in flight; adding
217 verbose addRemoteTarball [ 'https://registry.npmjs.org/microtime/-/microtime-2.1.1.tgz',
217 verbose addRemoteTarball   '654294b560e32fc97c4bf4b8156d5f2e4d5fd183' ]
218 info retry fetch attempt 1 at 2:17:34 PM
219 info attempt registry request try #1 at 2:17:34 PM
220 http fetch GET https://registry.npmjs.org/microtime/-/microtime-2.1.1.tgz
221 http 200 https://registry.npmjs.org/libxmljs
222 verbose headers { server: 'CouchDB/1.5.0 (Erlang OTP/R16B03)',
222 verbose headers   etag: '"1B2NWWHRTNQ7Y1HHWK0MU090T"',
222 verbose headers   'content-type': 'application/json',
222 verbose headers   'content-encoding': 'gzip',
222 verbose headers   'cache-control': 'max-age=300',
222 verbose headers   'content-length': '5435',
222 verbose headers   'accept-ranges': 'bytes',
222 verbose headers   date: 'Fri, 28 Oct 2016 13:17:28 GMT',
222 verbose headers   via: '1.1 varnish',
222 verbose headers   age: '0',
222 verbose headers   connection: 'keep-alive',
222 verbose headers   'x-served-by': 'cache-ams4424-AMS',
222 verbose headers   'x-cache': 'HIT',
222 verbose headers   'x-cache-hits': '1',
222 verbose headers   'x-timer': 'S1477660648.242912,VS0,VE368',
222 verbose headers   vary: 'Accept-Encoding' }
223 silly get cb [ 200,
223 silly get   { server: 'CouchDB/1.5.0 (Erlang OTP/R16B03)',
223 silly get     etag: '"1B2NWWHRTNQ7Y1HHWK0MU090T"',
223 silly get     'content-type': 'application/json',
223 silly get     'content-encoding': 'gzip',
223 silly get     'cache-control': 'max-age=300',
223 silly get     'content-length': '5435',
223 silly get     'accept-ranges': 'bytes',
223 silly get     date: 'Fri, 28 Oct 2016 13:17:28 GMT',
223 silly get     via: '1.1 varnish',
223 silly get     age: '0',
223 silly get     connection: 'keep-alive',
223 silly get     'x-served-by': 'cache-ams4424-AMS',
223 silly get     'x-cache': 'HIT',
223 silly get     'x-cache-hits': '1',
223 silly get     'x-timer': 'S1477660648.242912,VS0,VE368',
223 silly get     vary: 'Accept-Encoding' } ]
224 verbose get saving libxmljs to C:\Users\Samuel\AppData\Roaming\npm-cache\registry.npmjs.org\libxmljs\.cache.json
225 verbose correctMkdir C:\Users\Samuel\AppData\Roaming\npm-cache correctMkdir not in flight; initializing
226 silly resolveWithNewModule libxmljs@0.18.0 checking installable status
227 silly cache add args [ 'libxmljs@^0.18.0', null ]
228 verbose cache add spec libxmljs@^0.18.0
229 silly cache add parsed spec Result {
229 silly cache add   raw: 'libxmljs@^0.18.0',
229 silly cache add   scope: null,
229 silly cache add   escapedName: 'libxmljs',
229 silly cache add   name: 'libxmljs',
229 silly cache add   rawSpec: '^0.18.0',
229 silly cache add   spec: '>=0.18.0 <0.19.0',
229 silly cache add   type: 'range' }
230 silly addNamed libxmljs@>=0.18.0 <0.19.0
231 verbose addNamed ">=0.18.0 <0.19.0" is a valid semver range for libxmljs
232 silly addNameRange { name: 'libxmljs', range: '>=0.18.0 <0.19.0', hasData: false }
233 silly mapToRegistry name libxmljs
234 silly mapToRegistry using default registry
235 silly mapToRegistry registry https://registry.npmjs.org/
236 silly mapToRegistry data Result {
236 silly mapToRegistry   raw: 'libxmljs',
236 silly mapToRegistry   scope: null,
236 silly mapToRegistry   escapedName: 'libxmljs',
236 silly mapToRegistry   name: 'libxmljs',
236 silly mapToRegistry   rawSpec: '',
236 silly mapToRegistry   spec: 'latest',
236 silly mapToRegistry   type: 'tag' }
237 silly mapToRegistry uri https://registry.npmjs.org/libxmljs
238 verbose addNameRange registry:https://registry.npmjs.org/libxmljs not in flight; fetching
239 verbose get https://registry.npmjs.org/libxmljs not expired, no request
240 silly addNameRange number 2 { name: 'libxmljs', range: '>=0.18.0 <0.19.0', hasData: true }
241 silly addNameRange versions [ 'libxmljs',
241 silly addNameRange   [ '0.4.1',
241 silly addNameRange     '0.4.2',
241 silly addNameRange     '0.4.3',
241 silly addNameRange     '0.5.0',
241 silly addNameRange     '0.5.1',
241 silly addNameRange     '0.5.2',
241 silly addNameRange     '0.5.3',
241 silly addNameRange     '0.5.4',
241 silly addNameRange     '0.6.0',
241 silly addNameRange     '0.6.1',
241 silly addNameRange     '0.7.0',
241 silly addNameRange     '0.7.1',
241 silly addNameRange     '0.8.0',
241 silly addNameRange     '0.8.1',
241 silly addNameRange     '0.9.0',
241 silly addNameRange     '0.10.0',
241 silly addNameRange     '0.11.0',
241 silly addNameRange     '0.11.1',
241 silly addNameRange     '0.12.0',
241 silly addNameRange     '0.13.0',
241 silly addNameRange     '0.14.0',
241 silly addNameRange     '0.14.1',
241 silly addNameRange     '0.14.2',
241 silly addNameRange     '0.14.3',
241 silly addNameRange     '0.15.0',
241 silly addNameRange     '0.16.0',
241 silly addNameRange     '0.16.1',
241 silly addNameRange     '0.17.0',
241 silly addNameRange     '0.17.1',
241 silly addNameRange     '0.18.0' ] ]
242 silly addNamed libxmljs@0.18.0
243 verbose addNamed "0.18.0" is a plain semver version for libxmljs
244 silly mapToRegistry name libxmljs
245 silly mapToRegistry using default registry
246 silly mapToRegistry registry https://registry.npmjs.org/
247 silly mapToRegistry data Result {
247 silly mapToRegistry   raw: 'libxmljs',
247 silly mapToRegistry   scope: null,
247 silly mapToRegistry   escapedName: 'libxmljs',
247 silly mapToRegistry   name: 'libxmljs',
247 silly mapToRegistry   rawSpec: '',
247 silly mapToRegistry   spec: 'latest',
247 silly mapToRegistry   type: 'tag' }
248 silly mapToRegistry uri https://registry.npmjs.org/libxmljs
249 verbose addRemoteTarball https://registry.npmjs.org/libxmljs/-/libxmljs-0.18.0.tgz not in flight; adding
250 verbose addRemoteTarball [ 'https://registry.npmjs.org/libxmljs/-/libxmljs-0.18.0.tgz',
250 verbose addRemoteTarball   'e2993dcf28e4dc60e73486e2db6225dc24d18531' ]
251 info retry fetch attempt 1 at 2:17:36 PM
252 info attempt registry request try #1 at 2:17:36 PM
253 http fetch GET https://registry.npmjs.org/libxmljs/-/libxmljs-0.18.0.tgz
254 http fetch 200 https://registry.npmjs.org/microtime/-/microtime-2.1.1.tgz
255 silly fetchAndShaCheck shasum 654294b560e32fc97c4bf4b8156d5f2e4d5fd183
256 verbose addTmpTarball C:\Users\Samuel\AppData\Local\Temp\npm-15516-c70e3818\registry.npmjs.org\microtime\-\microtime-2.1.1.tgz not in flight; adding
257 verbose addTmpTarball already have metadata; skipping unpack for microtime@2.1.1
258 verbose correctMkdir C:\Users\Samuel\AppData\Roaming\npm-cache correctMkdir not in flight; initializing
259 silly cache afterAdd microtime@2.1.1
260 verbose afterAdd C:\Users\Samuel\AppData\Roaming\npm-cache\microtime\2.1.1\package\package.json not in flight; writing
261 verbose correctMkdir C:\Users\Samuel\AppData\Roaming\npm-cache correctMkdir not in flight; initializing
262 verbose afterAdd C:\Users\Samuel\AppData\Roaming\npm-cache\microtime\2.1.1\package\package.json written
263 http 304 https://registry.npmjs.org/node-xml
264 verbose headers { date: 'Fri, 28 Oct 2016 13:17:34 GMT',
264 verbose headers   via: '1.1 varnish',
264 verbose headers   'cache-control': 'max-age=300',
264 verbose headers   etag: '"D5TG8C2G3G0S8899GZYLN67D"',
264 verbose headers   age: '93',
264 verbose headers   connection: 'keep-alive',
264 verbose headers   'x-served-by': 'cache-ams4121-AMS',
264 verbose headers   'x-cache': 'HIT',
264 verbose headers   'x-cache-hits': '1',
264 verbose headers   'x-timer': 'S1477660654.069558,VS0,VE0',
264 verbose headers   vary: 'Accept-Encoding' }
265 silly get cb [ 304,
265 silly get   { date: 'Fri, 28 Oct 2016 13:17:34 GMT',
265 silly get     via: '1.1 varnish',
265 silly get     'cache-control': 'max-age=300',
265 silly get     etag: '"D5TG8C2G3G0S8899GZYLN67D"',
265 silly get     age: '93',
265 silly get     connection: 'keep-alive',
265 silly get     'x-served-by': 'cache-ams4121-AMS',
265 silly get     'x-cache': 'HIT',
265 silly get     'x-cache-hits': '1',
265 silly get     'x-timer': 'S1477660654.069558,VS0,VE0',
265 silly get     vary: 'Accept-Encoding' } ]
266 verbose etag https://registry.npmjs.org/node-xml from cache
267 verbose get saving node-xml to C:\Users\Samuel\AppData\Roaming\npm-cache\registry.npmjs.org\node-xml\.cache.json
268 verbose correctMkdir C:\Users\Samuel\AppData\Roaming\npm-cache correctMkdir not in flight; initializing
269 silly resolveWithNewModule node-xml@1.0.2 checking installable status
270 silly cache add args [ 'node-xml@^1.0.2', null ]
271 verbose cache add spec node-xml@^1.0.2
272 silly cache add parsed spec Result {
272 silly cache add   raw: 'node-xml@^1.0.2',
272 silly cache add   scope: null,
272 silly cache add   escapedName: 'node-xml',
272 silly cache add   name: 'node-xml',
272 silly cache add   rawSpec: '^1.0.2',
272 silly cache add   spec: '>=1.0.2 <2.0.0',
272 silly cache add   type: 'range' }
273 silly addNamed node-xml@>=1.0.2 <2.0.0
274 verbose addNamed ">=1.0.2 <2.0.0" is a valid semver range for node-xml
275 silly addNameRange { name: 'node-xml', range: '>=1.0.2 <2.0.0', hasData: false }
276 silly mapToRegistry name node-xml
277 silly mapToRegistry using default registry
278 silly mapToRegistry registry https://registry.npmjs.org/
279 silly mapToRegistry data Result {
279 silly mapToRegistry   raw: 'node-xml',
279 silly mapToRegistry   scope: null,
279 silly mapToRegistry   escapedName: 'node-xml',
279 silly mapToRegistry   name: 'node-xml',
279 silly mapToRegistry   rawSpec: '',
279 silly mapToRegistry   spec: 'latest',
279 silly mapToRegistry   type: 'tag' }
280 silly mapToRegistry uri https://registry.npmjs.org/node-xml
281 verbose addNameRange registry:https://registry.npmjs.org/node-xml not in flight; fetching
282 verbose get https://registry.npmjs.org/node-xml not expired, no request
283 silly addNameRange number 2 { name: 'node-xml', range: '>=1.0.2 <2.0.0', hasData: true }
284 silly addNameRange versions [ 'node-xml', [ '1.0.0', '1.0.1', '1.0.2' ] ]
285 silly addNamed node-xml@1.0.2
286 verbose addNamed "1.0.2" is a plain semver version for node-xml
287 silly cache afterAdd node-xml@1.0.2
288 verbose afterAdd C:\Users\Samuel\AppData\Roaming\npm-cache\node-xml\1.0.2\package\package.json not in flight; writing
289 verbose correctMkdir C:\Users\Samuel\AppData\Roaming\npm-cache correctMkdir not in flight; initializing
290 verbose afterAdd C:\Users\Samuel\AppData\Roaming\npm-cache\node-xml\1.0.2\package\package.json written
291 http fetch 200 https://registry.npmjs.org/libxmljs/-/libxmljs-0.18.0.tgz
292 http 304 https://registry.npmjs.org/sax
293 verbose headers { date: 'Fri, 28 Oct 2016 13:17:34 GMT',
293 verbose headers   via: '1.1 varnish',
293 verbose headers   'cache-control': 'max-age=300',
293 verbose headers   etag: '"DRPOP7XRJRTUPMF3JF1XQOHRZ"',
293 verbose headers   age: '56',
293 verbose headers   connection: 'keep-alive',
293 verbose headers   'x-served-by': 'cache-ams4444-AMS',
293 verbose headers   'x-cache': 'HIT',
293 verbose headers   'x-cache-hits': '2',
293 verbose headers   'x-timer': 'S1477660654.192946,VS0,VE0',
293 verbose headers   vary: 'Accept-Encoding' }
294 silly get cb [ 304,
294 silly get   { date: 'Fri, 28 Oct 2016 13:17:34 GMT',
294 silly get     via: '1.1 varnish',
294 silly get     'cache-control': 'max-age=300',
294 silly get     etag: '"DRPOP7XRJRTUPMF3JF1XQOHRZ"',
294 silly get     age: '56',
294 silly get     connection: 'keep-alive',
294 silly get     'x-served-by': 'cache-ams4444-AMS',
294 silly get     'x-cache': 'HIT',
294 silly get     'x-cache-hits': '2',
294 silly get     'x-timer': 'S1477660654.192946,VS0,VE0',
294 silly get     vary: 'Accept-Encoding' } ]
295 verbose etag https://registry.npmjs.org/sax from cache
296 verbose get saving sax to C:\Users\Samuel\AppData\Roaming\npm-cache\registry.npmjs.org\sax\.cache.json
297 verbose correctMkdir C:\Users\Samuel\AppData\Roaming\npm-cache correctMkdir not in flight; initializing
298 http 304 https://registry.npmjs.org/benchmark
299 verbose headers { date: 'Fri, 28 Oct 2016 13:17:34 GMT',
299 verbose headers   via: '1.1 varnish',
299 verbose headers   'cache-control': 'max-age=300',
299 verbose headers   etag: '"V54HEDWN7KN6R6AQ9187TAFT"',
299 verbose headers   age: '250',
299 verbose headers   connection: 'keep-alive',
299 verbose headers   'x-served-by': 'cache-ams4149-AMS',
299 verbose headers   'x-cache': 'HIT',
299 verbose headers   'x-cache-hits': '2',
299 verbose headers   'x-timer': 'S1477660654.211017,VS0,VE0',
299 verbose headers   vary: 'Accept-Encoding' }
300 silly get cb [ 304,
300 silly get   { date: 'Fri, 28 Oct 2016 13:17:34 GMT',
300 silly get     via: '1.1 varnish',
300 silly get     'cache-control': 'max-age=300',
300 silly get     etag: '"V54HEDWN7KN6R6AQ9187TAFT"',
300 silly get     age: '250',
300 silly get     connection: 'keep-alive',
300 silly get     'x-served-by': 'cache-ams4149-AMS',
300 silly get     'x-cache': 'HIT',
300 silly get     'x-cache-hits': '2',
300 silly get     'x-timer': 'S1477660654.211017,VS0,VE0',
300 silly get     vary: 'Accept-Encoding' } ]
301 verbose etag https://registry.npmjs.org/benchmark from cache
302 verbose get saving benchmark to C:\Users\Samuel\AppData\Roaming\npm-cache\registry.npmjs.org\benchmark\.cache.json
303 verbose correctMkdir C:\Users\Samuel\AppData\Roaming\npm-cache correctMkdir not in flight; initializing
304 silly resolveWithNewModule sax@1.2.1 checking installable status
305 silly cache add args [ 'sax@^1.1.5', null ]
306 verbose cache add spec sax@^1.1.5
307 silly cache add parsed spec Result {
307 silly cache add   raw: 'sax@^1.1.5',
307 silly cache add   scope: null,
307 silly cache add   escapedName: 'sax',
307 silly cache add   name: 'sax',
307 silly cache add   rawSpec: '^1.1.5',
307 silly cache add   spec: '>=1.1.5 <2.0.0',
307 silly cache add   type: 'range' }
308 silly addNamed sax@>=1.1.5 <2.0.0
309 verbose addNamed ">=1.1.5 <2.0.0" is a valid semver range for sax
310 silly addNameRange { name: 'sax', range: '>=1.1.5 <2.0.0', hasData: false }
311 silly mapToRegistry name sax
312 silly mapToRegistry using default registry
313 silly mapToRegistry registry https://registry.npmjs.org/
314 silly mapToRegistry data Result {
314 silly mapToRegistry   raw: 'sax',
314 silly mapToRegistry   scope: null,
314 silly mapToRegistry   escapedName: 'sax',
314 silly mapToRegistry   name: 'sax',
314 silly mapToRegistry   rawSpec: '',
314 silly mapToRegistry   spec: 'latest',
314 silly mapToRegistry   type: 'tag' }
315 silly mapToRegistry uri https://registry.npmjs.org/sax
316 verbose addNameRange registry:https://registry.npmjs.org/sax not in flight; fetching
317 silly resolveWithNewModule benchmark@2.1.1 checking installable status
318 silly cache add args [ 'benchmark@^2.1.0', null ]
319 verbose cache add spec benchmark@^2.1.0
320 silly cache add parsed spec Result {
320 silly cache add   raw: 'benchmark@^2.1.0',
320 silly cache add   scope: null,
320 silly cache add   escapedName: 'benchmark',
320 silly cache add   name: 'benchmark',
320 silly cache add   rawSpec: '^2.1.0',
320 silly cache add   spec: '>=2.1.0 <3.0.0',
320 silly cache add   type: 'range' }
321 silly addNamed benchmark@>=2.1.0 <3.0.0
322 verbose addNamed ">=2.1.0 <3.0.0" is a valid semver range for benchmark
323 silly addNameRange { name: 'benchmark', range: '>=2.1.0 <3.0.0', hasData: false }
324 silly mapToRegistry name benchmark
325 silly mapToRegistry using default registry
326 silly mapToRegistry registry https://registry.npmjs.org/
327 silly mapToRegistry data Result {
327 silly mapToRegistry   raw: 'benchmark',
327 silly mapToRegistry   scope: null,
327 silly mapToRegistry   escapedName: 'benchmark',
327 silly mapToRegistry   name: 'benchmark',
327 silly mapToRegistry   rawSpec: '',
327 silly mapToRegistry   spec: 'latest',
327 silly mapToRegistry   type: 'tag' }
328 silly mapToRegistry uri https://registry.npmjs.org/benchmark
329 verbose addNameRange registry:https://registry.npmjs.org/benchmark not in flight; fetching
330 verbose get https://registry.npmjs.org/sax not expired, no request
331 silly addNameRange number 2 { name: 'sax', range: '>=1.1.5 <2.0.0', hasData: true }
332 silly addNameRange versions [ 'sax',
332 silly addNameRange   [ '0.1.0',
332 silly addNameRange     '0.1.1',
332 silly addNameRange     '0.1.2',
332 silly addNameRange     '0.1.3',
332 silly addNameRange     '0.1.4',
332 silly addNameRange     '0.1.5',
332 silly addNameRange     '0.2.0',
332 silly addNameRange     '0.2.1',
332 silly addNameRange     '0.2.2',
332 silly addNameRange     '0.2.3',
332 silly addNameRange     '0.2.4',
332 silly addNameRange     '0.2.5',
332 silly addNameRange     '0.3.0',
332 silly addNameRange     '0.3.1',
332 silly addNameRange     '0.3.2',
332 silly addNameRange     '0.3.3',
332 silly addNameRange     '0.3.4',
332 silly addNameRange     '0.3.5',
332 silly addNameRange     '0.4.1',
332 silly addNameRange     '0.4.0',
332 silly addNameRange     '0.4.2',
332 silly addNameRange     '0.4.3',
332 silly addNameRange     '0.5.0',
332 silly addNameRange     '0.5.1',
332 silly addNameRange     '0.5.2',
332 silly addNameRange     '0.5.3',
332 silly addNameRange     '0.5.4',
332 silly addNameRange     '0.5.5',
332 silly addNameRange     '0.5.6',
332 silly addNameRange     '0.5.7',
332 silly addNameRange     '0.5.8',
332 silly addNameRange     '0.6.0',
332 silly addNameRange     '0.6.1',
332 silly addNameRange     '1.0.0',
332 silly addNameRange     '1.1.0',
332 silly addNameRange     '1.1.1',
332 silly addNameRange     '1.1.2',
332 silly addNameRange     '1.1.3',
332 silly addNameRange     '1.1.4',
332 silly addNameRange     '1.1.5',
332 silly addNameRange     '1.1.6',
332 silly addNameRange     '1.2.1' ] ]
333 silly addNamed sax@1.2.1
334 verbose addNamed "1.2.1" is a plain semver version for sax
335 verbose get https://registry.npmjs.org/benchmark not expired, no request
336 silly addNameRange number 2 { name: 'benchmark', range: '>=2.1.0 <3.0.0', hasData: true }
337 silly addNameRange versions [ 'benchmark',
337 silly addNameRange   [ '0.1.337',
337 silly addNameRange     '0.1.338',
337 silly addNameRange     '0.1.339',
337 silly addNameRange     '0.1.340',
337 silly addNameRange     '0.1.341',
337 silly addNameRange     '0.1.342',
337 silly addNameRange     '0.1.343',
337 silly addNameRange     '0.1.344',
337 silly addNameRange     '0.1.345',
337 silly addNameRange     '0.1.346',
337 silly addNameRange     '0.1.347',
337 silly addNameRange     '0.1.348',
337 silly addNameRange     '0.1.349',
337 silly addNameRange     '0.2.0',
337 silly addNameRange     '0.2.1',
337 silly addNameRange     '0.2.2',
337 silly addNameRange     '0.3.0',
337 silly addNameRange     '1.0.0',
337 silly addNameRange     '2.0.0',
337 silly addNameRange     '2.1.0',
337 silly addNameRange     '2.1.1' ] ]
338 silly addNamed benchmark@2.1.1
339 verbose addNamed "2.1.1" is a plain semver version for benchmark
340 silly mapToRegistry name benchmark
341 silly mapToRegistry using default registry
342 silly mapToRegistry registry https://registry.npmjs.org/
343 silly mapToRegistry data Result {
343 silly mapToRegistry   raw: 'benchmark',
343 silly mapToRegistry   scope: null,
343 silly mapToRegistry   escapedName: 'benchmark',
343 silly mapToRegistry   name: 'benchmark',
343 silly mapToRegistry   rawSpec: '',
343 silly mapToRegistry   spec: 'latest',
343 silly mapToRegistry   type: 'tag' }
344 silly mapToRegistry uri https://registry.npmjs.org/benchmark
345 verbose addRemoteTarball https://registry.npmjs.org/benchmark/-/benchmark-2.1.1.tgz not in flight; adding
346 verbose addRemoteTarball [ 'https://registry.npmjs.org/benchmark/-/benchmark-2.1.1.tgz',
346 verbose addRemoteTarball   'e7b5f6dcd02153aed132d49c596b815a57f6c071' ]
347 info retry fetch attempt 1 at 2:17:41 PM
348 info attempt registry request try #1 at 2:17:41 PM
349 http fetch GET https://registry.npmjs.org/benchmark/-/benchmark-2.1.1.tgz
350 silly cache afterAdd sax@1.2.1
351 verbose afterAdd C:\Users\Samuel\AppData\Roaming\npm-cache\sax\1.2.1\package\package.json not in flight; writing
352 verbose correctMkdir C:\Users\Samuel\AppData\Roaming\npm-cache correctMkdir not in flight; initializing
353 verbose afterAdd C:\Users\Samuel\AppData\Roaming\npm-cache\sax\1.2.1\package\package.json written
354 http fetch 200 https://registry.npmjs.org/benchmark/-/benchmark-2.1.1.tgz
355 info retry will retry, error on last attempt: Error: read ECONNRESET
356 info retry will retry, error on last attempt: Error: read ECONNRESET
357 silly fetchAndShaCheck shasum e2993dcf28e4dc60e73486e2db6225dc24d18531
358 info attempt registry request try #2 at 2:18:11 PM
359 http fetch GET https://registry.npmjs.org/libxmljs/-/libxmljs-0.18.0.tgz
360 http 200 https://registry.npmjs.org/vows
361 verbose headers { server: 'CouchDB/1.5.0 (Erlang OTP/R16B03)',
361 verbose headers   etag: '"EYARH5ZADS8V4UIU9SZAEYW6K"',
361 verbose headers   'content-type': 'application/json',
361 verbose headers   'content-encoding': 'gzip',
361 verbose headers   'cache-control': 'max-age=300',
361 verbose headers   'content-length': '5609',
361 verbose headers   'accept-ranges': 'bytes',
361 verbose headers   date: 'Fri, 28 Oct 2016 13:17:34 GMT',
361 verbose headers   via: '1.1 varnish',
361 verbose headers   age: '0',
361 verbose headers   connection: 'keep-alive',
361 verbose headers   'x-served-by': 'cache-ams4131-AMS',
361 verbose headers   'x-cache': 'HIT',
361 verbose headers   'x-cache-hits': '1',
361 verbose headers   'x-timer': 'S1477660654.219462,VS0,VE415',
361 verbose headers   vary: 'Accept-Encoding' }
362 silly get cb [ 200,
362 silly get   { server: 'CouchDB/1.5.0 (Erlang OTP/R16B03)',
362 silly get     etag: '"EYARH5ZADS8V4UIU9SZAEYW6K"',
362 silly get     'content-type': 'application/json',
362 silly get     'content-encoding': 'gzip',
362 silly get     'cache-control': 'max-age=300',
362 silly get     'content-length': '5609',
362 silly get     'accept-ranges': 'bytes',
362 silly get     date: 'Fri, 28 Oct 2016 13:17:34 GMT',
362 silly get     via: '1.1 varnish',
362 silly get     age: '0',
362 silly get     connection: 'keep-alive',
362 silly get     'x-served-by': 'cache-ams4131-AMS',
362 silly get     'x-cache': 'HIT',
362 silly get     'x-cache-hits': '1',
362 silly get     'x-timer': 'S1477660654.219462,VS0,VE415',
362 silly get     vary: 'Accept-Encoding' } ]
363 verbose get saving vows to C:\Users\Samuel\AppData\Roaming\npm-cache\registry.npmjs.org\vows\.cache.json
364 verbose correctMkdir C:\Users\Samuel\AppData\Roaming\npm-cache correctMkdir not in flight; initializing
365 silly resolveWithNewModule vows@0.8.1 checking installable status
366 silly cache add args [ 'vows@^0.8.1', null ]
367 verbose cache add spec vows@^0.8.1
368 silly cache add parsed spec Result {
368 silly cache add   raw: 'vows@^0.8.1',
368 silly cache add   scope: null,
368 silly cache add   escapedName: 'vows',
368 silly cache add   name: 'vows',
368 silly cache add   rawSpec: '^0.8.1',
368 silly cache add   spec: '>=0.8.1 <0.9.0',
368 silly cache add   type: 'range' }
369 silly addNamed vows@>=0.8.1 <0.9.0
370 verbose addNamed ">=0.8.1 <0.9.0" is a valid semver range for vows
371 silly addNameRange { name: 'vows', range: '>=0.8.1 <0.9.0', hasData: false }
372 silly mapToRegistry name vows
373 silly mapToRegistry using default registry
374 silly mapToRegistry registry https://registry.npmjs.org/
375 silly mapToRegistry data Result {
375 silly mapToRegistry   raw: 'vows',
375 silly mapToRegistry   scope: null,
375 silly mapToRegistry   escapedName: 'vows',
375 silly mapToRegistry   name: 'vows',
375 silly mapToRegistry   rawSpec: '',
375 silly mapToRegistry   spec: 'latest',
375 silly mapToRegistry   type: 'tag' }
376 silly mapToRegistry uri https://registry.npmjs.org/vows
377 verbose addNameRange registry:https://registry.npmjs.org/vows not in flight; fetching
378 verbose get https://registry.npmjs.org/vows not expired, no request
379 silly addNameRange number 2 { name: 'vows', range: '>=0.8.1 <0.9.0', hasData: true }
380 silly addNameRange versions [ 'vows',
380 silly addNameRange   [ '0.2.5',
380 silly addNameRange     '0.3.0',
380 silly addNameRange     '0.3.1',
380 silly addNameRange     '0.3.2',
380 silly addNameRange     '0.3.3',
380 silly addNameRange     '0.3.4',
380 silly addNameRange     '0.3.5',
380 silly addNameRange     '0.4.0',
380 silly addNameRange     '0.4.1',
380 silly addNameRange     '0.4.2',
380 silly addNameRange     '0.4.3',
380 silly addNameRange     '0.4.4',
380 silly addNameRange     '0.4.5',
380 silly addNameRange     '0.4.6',
380 silly addNameRange     '0.5.0',
380 silly addNameRange     '0.5.5',
380 silly addNameRange     '0.5.6',
380 silly addNameRange     '0.5.8',
380 silly addNameRange     '0.5.9',
380 silly addNameRange     '0.5.10',
380 silly addNameRange     '0.5.11',
380 silly addNameRange     '0.5.12',
380 silly addNameRange     '0.5.13',
380 silly addNameRange     '0.6.0',
380 silly addNameRange     '0.6.1',
380 silly addNameRange     '0.6.2',
380 silly addNameRange     '0.6.3',
380 silly addNameRange     '0.6.4',
380 silly addNameRange     '0.7.0',
380 silly addNameRange     '0.8.0',
380 silly addNameRange     '0.8.1',
380 silly addNameRange     '0.9.0-rc1',
380 silly addNameRange     '0.9.0-rc2',
380 silly addNameRange     '0.9.0-rc3' ] ]
381 silly addNamed vows@0.8.1
382 verbose addNamed "0.8.1" is a plain semver version for vows
383 silly mapToRegistry name vows
384 silly mapToRegistry using default registry
385 silly mapToRegistry registry https://registry.npmjs.org/
386 silly mapToRegistry data Result {
386 silly mapToRegistry   raw: 'vows',
386 silly mapToRegistry   scope: null,
386 silly mapToRegistry   escapedName: 'vows',
386 silly mapToRegistry   name: 'vows',
386 silly mapToRegistry   rawSpec: '',
386 silly mapToRegistry   spec: 'latest',
386 silly mapToRegistry   type: 'tag' }
387 silly mapToRegistry uri https://registry.npmjs.org/vows
388 verbose addRemoteTarball https://registry.npmjs.org/vows/-/vows-0.8.1.tgz not in flight; adding
389 verbose addRemoteTarball [ 'https://registry.npmjs.org/vows/-/vows-0.8.1.tgz',
389 verbose addRemoteTarball   'e09e988ce594ca05a08d72abcca34e88db559131' ]
390 info retry fetch attempt 1 at 2:18:14 PM
391 info attempt registry request try #1 at 2:18:14 PM
392 http fetch GET https://registry.npmjs.org/vows/-/vows-0.8.1.tgz
393 info retry will retry, error on last attempt: Error: read ECONNRESET
394 info retry will retry, error on last attempt: Error: read ECONNRESET
395 info retry will retry, error on last attempt: Error: read ECONNRESET
396 silly fetchAndShaCheck shasum e7b5f6dcd02153aed132d49c596b815a57f6c071
397 info attempt registry request try #2 at 2:18:35 PM
398 http fetch GET https://registry.npmjs.org/vows/-/vows-0.8.1.tgz
399 http 200 https://registry.npmjs.org/node-expat
400 verbose headers { server: 'CouchDB/1.6.1 (Erlang OTP/R16B03)',
400 verbose headers   etag: '"7B2MXJDNEB20NO12MOB2QYMO1"',
400 verbose headers   'content-type': 'application/json',
400 verbose headers   'content-encoding': 'gzip',
400 verbose headers   'cache-control': 'max-age=300',
400 verbose headers   'content-length': '9161',
400 verbose headers   'accept-ranges': 'bytes',
400 verbose headers   date: 'Fri, 28 Oct 2016 13:17:34 GMT',
400 verbose headers   via: '1.1 varnish',
400 verbose headers   age: '146',
400 verbose headers   connection: 'keep-alive',
400 verbose headers   'x-served-by': 'cache-ams4130-AMS',
400 verbose headers   'x-cache': 'HIT',
400 verbose headers   'x-cache-hits': '1',
400 verbose headers   'x-timer': 'S1477660654.242574,VS0,VE0',
400 verbose headers   vary: 'Accept-Encoding' }
401 silly get cb [ 200,
401 silly get   { server: 'CouchDB/1.6.1 (Erlang OTP/R16B03)',
401 silly get     etag: '"7B2MXJDNEB20NO12MOB2QYMO1"',
401 silly get     'content-type': 'application/json',
401 silly get     'content-encoding': 'gzip',
401 silly get     'cache-control': 'max-age=300',
401 silly get     'content-length': '9161',
401 silly get     'accept-ranges': 'bytes',
401 silly get     date: 'Fri, 28 Oct 2016 13:17:34 GMT',
401 silly get     via: '1.1 varnish',
401 silly get     age: '146',
401 silly get     connection: 'keep-alive',
401 silly get     'x-served-by': 'cache-ams4130-AMS',
401 silly get     'x-cache': 'HIT',
401 silly get     'x-cache-hits': '1',
401 silly get     'x-timer': 'S1477660654.242574,VS0,VE0',
401 silly get     vary: 'Accept-Encoding' } ]
402 verbose get saving node-expat to C:\Users\Samuel\AppData\Roaming\npm-cache\registry.npmjs.org\node-expat\.cache.json
403 verbose correctMkdir C:\Users\Samuel\AppData\Roaming\npm-cache correctMkdir not in flight; initializing
404 silly resolveWithNewModule node-expat@2.3.15 checking installable status
405 silly cache add args [ 'node-expat@^2.3.13', null ]
406 verbose cache add spec node-expat@^2.3.13
407 silly cache add parsed spec Result {
407 silly cache add   raw: 'node-expat@^2.3.13',
407 silly cache add   scope: null,
407 silly cache add   escapedName: 'node-expat',
407 silly cache add   name: 'node-expat',
407 silly cache add   rawSpec: '^2.3.13',
407 silly cache add   spec: '>=2.3.13 <3.0.0',
407 silly cache add   type: 'range' }
408 silly addNamed node-expat@>=2.3.13 <3.0.0
409 verbose addNamed ">=2.3.13 <3.0.0" is a valid semver range for node-expat
410 silly addNameRange { name: 'node-expat', range: '>=2.3.13 <3.0.0', hasData: false }
411 silly mapToRegistry name node-expat
412 silly mapToRegistry using default registry
413 silly mapToRegistry registry https://registry.npmjs.org/
414 silly mapToRegistry data Result {
414 silly mapToRegistry   raw: 'node-expat',
414 silly mapToRegistry   scope: null,
414 silly mapToRegistry   escapedName: 'node-expat',
414 silly mapToRegistry   name: 'node-expat',
414 silly mapToRegistry   rawSpec: '',
414 silly mapToRegistry   spec: 'latest',
414 silly mapToRegistry   type: 'tag' }
415 silly mapToRegistry uri https://registry.npmjs.org/node-expat
416 verbose addNameRange registry:https://registry.npmjs.org/node-expat not in flight; fetching
417 verbose get https://registry.npmjs.org/node-expat not expired, no request
418 silly addNameRange number 2 { name: 'node-expat', range: '>=2.3.13 <3.0.0', hasData: true }
419 silly addNameRange versions [ 'node-expat',
419 silly addNameRange   [ '0.0.4',
419 silly addNameRange     '0.0.5',
419 silly addNameRange     '0.0.6',
419 silly addNameRange     '1.0.0',
419 silly addNameRange     '1.0.1',
419 silly addNameRange     '1.1.0',
419 silly addNameRange     '1.1.1',
419 silly addNameRange     '1.2.0',
419 silly addNameRange     '1.3.0',
419 silly addNameRange     '1.3.1',
419 silly addNameRange     '1.3.2',
419 silly addNameRange     '1.4.0',
419 silly addNameRange     '1.4.1',
419 silly addNameRange     '1.4.2',
419 silly addNameRange     '1.4.3',
419 silly addNameRange     '1.4.4',
419 silly addNameRange     '1.4.5',
419 silly addNameRange     '1.5.0',
419 silly addNameRange     '1.6.0',
419 silly addNameRange     '1.6.1',
419 silly addNameRange     '2.0.0',
419 silly addNameRange     '2.1.0',
419 silly addNameRange     '2.1.1',
419 silly addNameRange     '2.1.2',
419 silly addNameRange     '2.1.3',
419 silly addNameRange     '2.1.4',
419 silly addNameRange     '2.2.0',
419 silly addNameRange     '2.3.0',
419 silly addNameRange     '2.3.1',
419 silly addNameRange     '2.3.2',
419 silly addNameRange     '2.3.3',
419 silly addNameRange     '2.3.4',
419 silly addNameRange     '2.3.5',
419 silly addNameRange     '2.3.6',
419 silly addNameRange     '2.3.7',
419 silly addNameRange     '2.3.8',
419 silly addNameRange     '2.3.9',
419 silly addNameRange     '2.3.10',
419 silly addNameRange     '2.3.11',
419 silly addNameRange     '2.3.12',
419 silly addNameRange     '2.3.13',
419 silly addNameRange     '2.3.14',
419 silly addNameRange     '2.3.15' ] ]
420 silly addNamed node-expat@2.3.15
421 verbose addNamed "2.3.15" is a plain semver version for node-expat
422 silly mapToRegistry name node-expat
423 silly mapToRegistry using default registry
424 silly mapToRegistry registry https://registry.npmjs.org/
425 silly mapToRegistry data Result {
425 silly mapToRegistry   raw: 'node-expat',
425 silly mapToRegistry   scope: null,
425 silly mapToRegistry   escapedName: 'node-expat',
425 silly mapToRegistry   name: 'node-expat',
425 silly mapToRegistry   rawSpec: '',
425 silly mapToRegistry   spec: 'latest',
425 silly mapToRegistry   type: 'tag' }
426 silly mapToRegistry uri https://registry.npmjs.org/node-expat
427 verbose addRemoteTarball https://registry.npmjs.org/node-expat/-/node-expat-2.3.15.tgz not in flight; adding
428 verbose addRemoteTarball [ 'https://registry.npmjs.org/node-expat/-/node-expat-2.3.15.tgz',
428 verbose addRemoteTarball   '96a53a0bc00649daf78f4fc074a23e644c223b4c' ]
429 info retry fetch attempt 1 at 2:18:41 PM
430 info attempt registry request try #1 at 2:18:41 PM
431 http fetch GET https://registry.npmjs.org/node-expat/-/node-expat-2.3.15.tgz
432 info attempt registry request try #2 at 2:18:41 PM
433 http fetch GET https://registry.npmjs.org/benchmark/-/benchmark-2.1.1.tgz
434 http fetch 200 https://registry.npmjs.org/node-expat/-/node-expat-2.3.15.tgz
435 http fetch 200 https://registry.npmjs.org/vows/-/vows-0.8.1.tgz
436 http 200 https://registry.npmjs.org/standard
437 verbose headers { server: 'CouchDB/1.5.0 (Erlang OTP/R16B03)',
437 verbose headers   etag: '"95BIKDX80UTTWVZIZ90GZIE4B"',
437 verbose headers   'content-type': 'application/json',
437 verbose headers   'content-encoding': 'gzip',
437 verbose headers   'cache-control': 'max-age=300',
437 verbose headers   'content-length': '33756',
437 verbose headers   'accept-ranges': 'bytes',
437 verbose headers   date: 'Fri, 28 Oct 2016 13:17:34 GMT',
437 verbose headers   via: '1.1 varnish',
437 verbose headers   age: '0',
437 verbose headers   connection: 'keep-alive',
437 verbose headers   'x-served-by': 'cache-ams4148-AMS',
437 verbose headers   'x-cache': 'HIT',
437 verbose headers   'x-cache-hits': '1',
437 verbose headers   'x-timer': 'S1477660654.202838,VS0,VE103',
437 verbose headers   vary: 'Accept-Encoding' }
438 silly get cb [ 200,
438 silly get   { server: 'CouchDB/1.5.0 (Erlang OTP/R16B03)',
438 silly get     etag: '"95BIKDX80UTTWVZIZ90GZIE4B"',
438 silly get     'content-type': 'application/json',
438 silly get     'content-encoding': 'gzip',
438 silly get     'cache-control': 'max-age=300',
438 silly get     'content-length': '33756',
438 silly get     'accept-ranges': 'bytes',
438 silly get     date: 'Fri, 28 Oct 2016 13:17:34 GMT',
438 silly get     via: '1.1 varnish',
438 silly get     age: '0',
438 silly get     connection: 'keep-alive',
438 silly get     'x-served-by': 'cache-ams4148-AMS',
438 silly get     'x-cache': 'HIT',
438 silly get     'x-cache-hits': '1',
438 silly get     'x-timer': 'S1477660654.202838,VS0,VE103',
438 silly get     vary: 'Accept-Encoding' } ]
439 verbose get saving standard to C:\Users\Samuel\AppData\Roaming\npm-cache\registry.npmjs.org\standard\.cache.json
440 verbose correctMkdir C:\Users\Samuel\AppData\Roaming\npm-cache correctMkdir not in flight; initializing
441 silly resolveWithNewModule standard@7.1.2 checking installable status
442 silly cache add args [ 'standard@^7.1.2', null ]
443 verbose cache add spec standard@^7.1.2
444 silly cache add parsed spec Result {
444 silly cache add   raw: 'standard@^7.1.2',
444 silly cache add   scope: null,
444 silly cache add   escapedName: 'standard',
444 silly cache add   name: 'standard',
444 silly cache add   rawSpec: '^7.1.2',
444 silly cache add   spec: '>=7.1.2 <8.0.0',
444 silly cache add   type: 'range' }
445 silly addNamed standard@>=7.1.2 <8.0.0
446 verbose addNamed ">=7.1.2 <8.0.0" is a valid semver range for standard
447 silly addNameRange { name: 'standard', range: '>=7.1.2 <8.0.0', hasData: false }
448 silly mapToRegistry name standard
449 silly mapToRegistry using default registry
450 silly mapToRegistry registry https://registry.npmjs.org/
451 silly mapToRegistry data Result {
451 silly mapToRegistry   raw: 'standard',
451 silly mapToRegistry   scope: null,
451 silly mapToRegistry   escapedName: 'standard',
451 silly mapToRegistry   name: 'standard',
451 silly mapToRegistry   rawSpec: '',
451 silly mapToRegistry   spec: 'latest',
451 silly mapToRegistry   type: 'tag' }
452 silly mapToRegistry uri https://registry.npmjs.org/standard
453 verbose addNameRange registry:https://registry.npmjs.org/standard not in flight; fetching
454 verbose get https://registry.npmjs.org/standard not expired, no request
455 silly addNameRange number 2 { name: 'standard', range: '>=7.1.2 <8.0.0', hasData: true }
456 silly addNameRange versions [ 'standard',
456 silly addNameRange   [ '1.0.0',
456 silly addNameRange     '1.0.1',
456 silly addNameRange     '1.0.2',
456 silly addNameRange     '1.1.0',
456 silly addNameRange     '1.3.0',
456 silly addNameRange     '1.4.0',
456 silly addNameRange     '1.4.1',
456 silly addNameRange     '1.4.2',
456 silly addNameRange     '1.5.0',
456 silly addNameRange     '2.0.0',
456 silly addNameRange     '2.1.0',
456 silly addNameRange     '2.1.1',
456 silly addNameRange     '2.2.0',
456 silly addNameRange     '2.2.1',
456 silly addNameRange     '2.2.2',
456 silly addNameRange     '2.2.3',
456 silly addNameRange     '2.2.4',
456 silly addNameRange     '2.2.5',
456 silly addNameRange     '2.2.6',
456 silly addNameRange     '2.3.0',
456 silly addNameRange     '2.3.1',
456 silly addNameRange     '2.3.2',
456 silly addNameRange     '2.4.0',
456 silly addNameRange     '2.4.1',
456 silly addNameRange     '2.4.2',
456 silly addNameRange     '2.4.3',
456 silly addNameRange     '2.4.4',
456 silly addNameRange     '2.4.5',
456 silly addNameRange     '2.5.0',
456 silly addNameRange     '2.6.0',
456 silly addNameRange     '2.6.1',
456 silly addNameRange     '2.6.2',
456 silly addNameRange     '2.6.3',
456 silly addNameRange     '2.6.4',
456 silly addNameRange     '2.6.5',
456 silly addNameRange     '2.7.0',
456 silly addNameRange     '2.7.1',
456 silly addNameRange     '2.7.2',
456 silly addNameRange     '2.7.3',
456 silly addNameRange     '2.8.0',
456 silly addNameRange     '2.9.0',
456 silly addNameRange     '2.10.0',
456 silly addNameRange     '3.0.0-alpha',
456 silly addNameRange     '3.0.0-beta',
456 silly addNameRange     '3.0.0-beta2',
456 silly addNameRange     '3.0.0-beta3',
456 silly addNameRange     '2.11.0',
456 silly addNameRange     '3.0.0-beta4',
456 silly addNameRange     '3.0.0',
456 silly addNameRange     '3.1.0',
456 silly addNameRange     '3.1.1',
456 silly addNameRange     '3.1.2',
456 silly addNameRange     '3.2.0',
456 silly addNameRange     '3.2.1',
456 silly addNameRange     '3.3.0',
456 silly addNameRange     '3.3.1',
456 silly addNameRange     '3.3.2',
456 silly addNameRange     '3.4.0',
456 silly addNameRange     '3.5.0',
456 silly addNameRange     '3.6.0',
456 silly addNameRange     '3.6.1',
456 silly addNameRange     '3.7.0',
456 silly addNameRange     '3.7.1',
456 silly addNameRange     '3.7.2',
456 silly addNameRange     '3.7.3',
456 silly addNameRange     '3.8.0',
456 silly addNameRange     '3.9.0',
456 silly addNameRange     '3.11.0',
456 silly addNameRange     '3.11.1',
456 silly addNameRange     '3.13.0',
456 silly addNameRange     '3.13.1',
456 silly addNameRange     '3.13.2',
456 silly addNameRange     '4.0.0',
456 silly addNameRange     '4.0.1',
456 silly addNameRange     '4.1.0',
456 silly addNameRange     '4.1.1',
456 silly addNameRange     '4.2.0',
456 silly addNameRange     '4.2.1',
456 silly addNameRange     '4.3.0',
456 silly addNameRange     '4.3.1',
456 silly addNameRange     '4.3.2',
456 silly addNameRange     '4.3.3',
456 silly addNameRange     '4.4.0',
456 silly addNameRange     '4.4.1',
456 silly addNameRange     '4.5.0',
456 silly addNameRange     '4.5.1',
456 silly addNameRange     '4.5.2',
456 silly addNameRange     '4.5.3',
456 silly addNameRange     '4.5.4',
456 silly addNameRange     '5.0.0-0',
456 silly addNameRange     '5.0.1-0',
456 silly addNameRange     '5.0.0-2',
456 silly addNameRange     '5.0.0-3',
456 silly addNameRange     '5.0.0-4',
456 silly addNameRange     '5.0.0-5',
456 silly addNameRange     '5.0.0-6',
456 silly addNameRange     '5.0.0-7',
456 silly addNameRange     '5.0.0-8',
456 silly addNameRange     '5.0.0',
456 silly addNameRange     '5.0.1',
456 silly addNameRange     '5.0.2',
456 silly addNameRange     '5.1.0',
456 silly addNameRange     '5.1.1',
456 silly addNameRange     '5.2.0',
456 silly addNameRange     '5.2.1',
456 silly addNameRange     '5.2.2',
456 silly addNameRange     '5.3.0',
456 silly addNameRange     '5.3.1',
456 silly addNameRange     '5.4.0',
456 silly addNameRange     '5.4.1',
456 silly addNameRange     '6.0.0',
456 silly addNameRange     '6.0.1',
456 silly addNameRange     '6.0.2',
456 silly addNameRange     '6.0.3',
456 silly addNameRange     '6.0.4',
456 silly addNameRange     '6.0.5',
456 silly addNameRange     '6.0.6',
456 silly addNameRange     '6.0.7',
456 silly addNameRange     '6.0.8',
456 silly addNameRange     '7.0.0-beta.0',
456 silly addNameRange     '7.0.0',
456 silly addNameRange     '7.0.1',
456 silly addNameRange     '7.1.0',
456 silly addNameRange     '7.1.1',
456 silly addNameRange     '7.1.2',
456 silly addNameRange     '8.0.0-beta.0',
456 silly addNameRange     '8.0.0-beta.1',
456 silly addNameRange     '8.0.0-beta.2',
456 silly addNameRange     '8.0.0-beta.3',
456 silly addNameRange     '8.0.0-beta.4',
456 silly addNameRange     '8.0.0-beta.5',
456 silly addNameRange     '8.0.0',
456 silly addNameRange     '8.1.0',
456 silly addNameRange     '8.2.0',
456 silly addNameRange     '8.3.0',
456 silly addNameRange     '8.4.0',
456 silly addNameRange     '8.5.0' ] ]
457 silly addNamed standard@7.1.2
458 verbose addNamed "7.1.2" is a plain semver version for standard
459 silly cache afterAdd standard@7.1.2
460 verbose afterAdd C:\Users\Samuel\AppData\Roaming\npm-cache\standard\7.1.2\package\package.json not in flight; writing
461 verbose correctMkdir C:\Users\Samuel\AppData\Roaming\npm-cache correctMkdir not in flight; initializing
462 verbose afterAdd C:\Users\Samuel\AppData\Roaming\npm-cache\standard\7.1.2\package\package.json written
463 http fetch 200 https://registry.npmjs.org/benchmark/-/benchmark-2.1.1.tgz
464 silly fetchAndShaCheck shasum e09e988ce594ca05a08d72abcca34e88db559131
465 verbose addTmpTarball C:\Users\Samuel\AppData\Local\Temp\npm-15516-c70e3818\registry.npmjs.org\vows\-\vows-0.8.1.tgz not in flight; adding
466 verbose addTmpTarball already have metadata; skipping unpack for vows@0.8.1
467 verbose correctMkdir C:\Users\Samuel\AppData\Roaming\npm-cache correctMkdir not in flight; initializing
468 silly cache afterAdd vows@0.8.1
469 verbose afterAdd C:\Users\Samuel\AppData\Roaming\npm-cache\vows\0.8.1\package\package.json not in flight; writing
470 verbose correctMkdir C:\Users\Samuel\AppData\Roaming\npm-cache correctMkdir not in flight; initializing
471 verbose afterAdd C:\Users\Samuel\AppData\Roaming\npm-cache\vows\0.8.1\package\package.json written
472 http 200 https://registry.npmjs.org/browserify
473 verbose headers { server: 'CouchDB/1.5.0 (Erlang OTP/R16B03)',
473 verbose headers   etag: '"7XPZ9E1W0CKDI5012M7P8DRLP"',
473 verbose headers   'content-type': 'application/json',
473 verbose headers   'content-encoding': 'gzip',
473 verbose headers   'cache-control': 'max-age=300',
473 verbose headers   'content-length': '75946',
473 verbose headers   'accept-ranges': 'bytes',
473 verbose headers   date: 'Fri, 28 Oct 2016 13:17:34 GMT',
473 verbose headers   via: '1.1 varnish',
473 verbose headers   age: '237',
473 verbose headers   connection: 'keep-alive',
473 verbose headers   'x-served-by': 'cache-ams4144-AMS',
473 verbose headers   'x-cache': 'HIT',
473 verbose headers   'x-cache-hits': '1',
473 verbose headers   'x-timer': 'S1477660654.139526,VS0,VE0',
473 verbose headers   vary: 'Accept-Encoding' }
474 silly get cb [ 200,
474 silly get   { server: 'CouchDB/1.5.0 (Erlang OTP/R16B03)',
474 silly get     etag: '"7XPZ9E1W0CKDI5012M7P8DRLP"',
474 silly get     'content-type': 'application/json',
474 silly get     'content-encoding': 'gzip',
474 silly get     'cache-control': 'max-age=300',
474 silly get     'content-length': '75946',
474 silly get     'accept-ranges': 'bytes',
474 silly get     date: 'Fri, 28 Oct 2016 13:17:34 GMT',
474 silly get     via: '1.1 varnish',
474 silly get     age: '237',
474 silly get     connection: 'keep-alive',
474 silly get     'x-served-by': 'cache-ams4144-AMS',
474 silly get     'x-cache': 'HIT',
474 silly get     'x-cache-hits': '1',
474 silly get     'x-timer': 'S1477660654.139526,VS0,VE0',
474 silly get     vary: 'Accept-Encoding' } ]
475 verbose get saving browserify to C:\Users\Samuel\AppData\Roaming\npm-cache\registry.npmjs.org\browserify\.cache.json
476 verbose correctMkdir C:\Users\Samuel\AppData\Roaming\npm-cache correctMkdir not in flight; initializing
477 silly resolveWithNewModule browserify@13.1.1 checking installable status
478 silly cache add args [ 'browserify@^13.0.1', null ]
479 verbose cache add spec browserify@^13.0.1
480 silly cache add parsed spec Result {
480 silly cache add   raw: 'browserify@^13.0.1',
480 silly cache add   scope: null,
480 silly cache add   escapedName: 'browserify',
480 silly cache add   name: 'browserify',
480 silly cache add   rawSpec: '^13.0.1',
480 silly cache add   spec: '>=13.0.1 <14.0.0',
480 silly cache add   type: 'range' }
481 silly addNamed browserify@>=13.0.1 <14.0.0
482 verbose addNamed ">=13.0.1 <14.0.0" is a valid semver range for browserify
483 silly addNameRange { name: 'browserify', range: '>=13.0.1 <14.0.0', hasData: false }
484 silly mapToRegistry name browserify
485 silly mapToRegistry using default registry
486 silly mapToRegistry registry https://registry.npmjs.org/
487 silly mapToRegistry data Result {
487 silly mapToRegistry   raw: 'browserify',
487 silly mapToRegistry   scope: null,
487 silly mapToRegistry   escapedName: 'browserify',
487 silly mapToRegistry   name: 'browserify',
487 silly mapToRegistry   rawSpec: '',
487 silly mapToRegistry   spec: 'latest',
487 silly mapToRegistry   type: 'tag' }
488 silly mapToRegistry uri https://registry.npmjs.org/browserify
489 verbose addNameRange registry:https://registry.npmjs.org/browserify not in flight; fetching
490 verbose get https://registry.npmjs.org/browserify not expired, no request
491 silly addNameRange number 2 { name: 'browserify', range: '>=13.0.1 <14.0.0', hasData: true }
492 silly addNameRange versions [ 'browserify',
492 silly addNameRange   [ '0.0.1',
492 silly addNameRange     '0.0.2',
492 silly addNameRange     '0.0.3',
492 silly addNameRange     '0.0.4',
492 silly addNameRange     '0.0.5',
492 silly addNameRange     '0.1.0',
492 silly addNameRange     '0.1.1',
492 silly addNameRange     '0.1.2',
492 silly addNameRange     '0.1.3',
492 silly addNameRange     '0.1.4',
492 silly addNameRange     '0.1.5',
492 silly addNameRange     '0.2.0',
492 silly addNameRange     '0.2.1',
492 silly addNameRange     '0.2.2',
492 silly addNameRange     '0.2.3',
492 silly addNameRange     '0.2.4',
492 silly addNameRange     '0.2.5',
492 silly addNameRange     '0.2.6',
492 silly addNameRange     '0.2.7',
492 silly addNameRange     '0.2.8',
492 silly addNameRange     '0.2.9',
492 silly addNameRange     '0.2.10',
492 silly addNameRange     '0.2.11',
492 silly addNameRange     '0.3.0',
492 silly addNameRange     '0.3.1',
492 silly addNameRange     '0.3.2',
492 silly addNameRange     '0.3.3',
492 silly addNameRange     '0.3.4',
492 silly addNameRange     '0.3.5',
492 silly addNameRange     '0.3.6',
492 silly addNameRange     '0.3.7',
492 silly addNameRange     '0.4.0',
492 silly addNameRange     '0.4.1',
492 silly addNameRange     '0.4.2',
492 silly addNameRange     '0.4.3',
492 silly addNameRange     '0.4.4',
492 silly addNameRange     '0.4.5',
492 silly addNameRange     '0.4.6',
492 silly addNameRange     '0.4.7',
492 silly addNameRange     '0.4.8',
492 silly addNameRange     '0.4.9',
492 silly addNameRange     '0.4.10',
492 silly addNameRange     '0.4.11',
492 silly addNameRange     '0.4.12',
492 silly addNameRange     '0.4.13',
492 silly addNameRange     '0.4.14',
492 silly addNameRange     '0.4.15',
492 silly addNameRange     '0.5.0',
492 silly addNameRange     '0.5.1',
492 silly addNameRange     '0.5.2',
492 silly addNameRange     '1.0.0',
492 silly addNameRange     '1.1.0',
492 silly addNameRange     '1.1.1',
492 silly addNameRange     '1.1.2',
492 silly addNameRange     '1.1.3',
492 silly addNameRange     '1.1.4',
492 silly addNameRange     '1.2.0',
492 silly addNameRange     '1.2.1',
492 silly addNameRange     '1.2.2',
492 silly addNameRange     '1.2.3',
492 silly addNameRange     '1.2.4',
492 silly addNameRange     '1.2.5',
492 silly addNameRange     '1.2.6',
492 silly addNameRange     '1.2.7',
492 silly addNameRange     '1.2.8',
492 silly addNameRange     '1.2.9',
492 silly addNameRange     '1.3.0',
492 silly addNameRange     '1.4.0',
492 silly addNameRange     '1.4.1',
492 silly addNameRange     '1.4.2',
492 silly addNameRange     '1.4.3',
492 silly addNameRange     '1.4.4',
492 silly addNameRange     '1.4.5',
492 silly addNameRange     '1.4.6',
492 silly addNameRange     '1.4.7',
492 silly addNameRange     '1.4.8',
492 silly addNameRange     '1.5.0',
492 silly addNameRange     '1.6.0',
492 silly addNameRange     '1.6.1',
492 silly addNameRange     '1.7.0',
492 silly addNameRange     '1.7.1',
492 silly addNameRange     '1.7.2',
492 silly addNameRange     '1.7.3',
492 silly addNameRange     '1.7.4',
492 silly addNameRange     '1.7.5',
492 silly addNameRange     '1.7.6',
492 silly addNameRange     '1.7.7',
492 silly addNameRange     '1.8.0',
492 silly addNameRange     '1.8.1',
492 silly addNameRange     '1.8.2',
492 silly addNameRange     '1.8.3',
492 silly addNameRange     '1.9.0',
492 silly addNameRange     '1.9.1',
492 silly addNameRange     '1.9.2',
492 silly addNameRange     '1.9.3',
492 silly addNameRange     '1.9.4',
492 silly addNameRange     '1.10.0',
492 silly addNameRange     '1.10.1',
492 silly addNameRange     '1.10.2',
492 silly addNameRange     '1.10.3',
492 silly addNameRange     '1.10.4',
492 silly addNameRange     '1.10.5',
492 silly addNameRange     '1.10.6',
492 silly addNameRange     '1.10.7',
492 silly addNameRange     '1.10.8',
492 silly addNameRange     '1.10.9',
492 silly addNameRange     '1.10.11',
492 silly addNameRange     '1.10.12',
492 silly addNameRange     '1.10.13',
492 silly addNameRange     '1.10.14',
492 silly addNameRange     '1.10.15',
492 silly addNameRange     '1.10.16',
492 silly addNameRange     '1.10.17',
492 silly addNameRange     '1.11.0',
492 silly addNameRange     '1.11.1',
492 silly addNameRange     '1.12.0',
492 silly addNameRange     '1.12.1',
492 silly addNameRange     '1.12.2',
492 silly addNameRange     '1.12.3',
492 silly addNameRange     '1.13.0',
492 silly addNameRange     '1.13.1',
492 silly addNameRange     '1.13.2',
492 silly addNameRange     '1.13.3',
492 silly addNameRange     '1.13.4',
492 silly addNameRange     '1.13.5',
492 silly addNameRange     '1.13.6',
492 silly addNameRange     '1.13.8',
492 silly addNameRange     '1.13.9',
492 silly addNameRange     '1.13.10',
492 silly addNameRange     '1.14.0',
492 silly addNameRange     '1.14.1',
492 silly addNameRange     '1.14.2',
492 silly addNameRange     '1.14.3',
492 silly addNameRange     '1.14.4',
492 silly addNameRange     '1.14.5',
492 silly addNameRange     '1.15.0',
492 silly addNameRange     '1.15.1',
492 silly addNameRange     '1.15.2',
492 silly addNameRange     '1.15.3',
492 silly addNameRange     '1.15.4',
492 silly addNameRange     '1.15.5',
492 silly addNameRange     '1.15.6',
492 silly addNameRange     '1.16.0',
492 silly addNameRange     '1.16.1',
492 silly addNameRange     '1.16.2',
492 silly addNameRange     '1.16.3',
492 silly addNameRange     '1.16.4',
492 silly addNameRange     '1.16.5',
492 silly addNameRange     '1.16.6',
492 silly addNameRange     '1.16.7',
492 silly addNameRange     '1.16.8',
492 silly addNameRange     '1.17.0',
492 silly addNameRange     '1.17.1',
492 silly addNameRange     '1.17.2',
492 silly addNameRange     '1.17.3',
492 silly addNameRange     '1.18.0',
492 silly addNameRange     '2.0.0',
492 silly addNameRange     '2.0.1',
492 silly addNameRange     '2.1.0',
492 silly addNameRange     '2.2.0',
492 silly addNameRange     '2.2.1',
492 silly addNameRange     '2.2.2',
492 silly addNameRange     '2.2.3',
492 silly addNameRange     '2.2.4',
492 silly addNameRange     '2.2.5',
492 silly addNameRange     '2.2.6',
492 silly addNameRange     '2.3.0',
492 silly addNameRange     '2.3.1',
492 silly addNameRange     '2.4.0',
492 silly addNameRange     '2.4.1',
492 silly addNameRange     '2.4.2',
492 silly addNameRange     '2.4.3',
492 silly addNameRange     '2.5.0',
492 silly addNameRange     '2.5.1',
492 silly addNameRange     '2.6.0',
492 silly addNameRange     '2.6.1',
492 silly addNameRange     '2.7.0',
492 silly addNameRange     '2.7.1',
492 silly addNameRange     '2.7.2',
492 silly addNameRange     '2.7.3',
492 silly addNameRange     '2.7.4',
492 silly addNameRange     '2.8.0',
492 silly addNameRange     '2.8.1',
492 silly addNameRange     '2.9.0',
492 silly addNameRange     '2.10.0',
492 silly addNameRange     '2.10.1',
492 silly addNameRange     '2.10.2',
492 silly addNameRange     '2.11.0',
492 silly addNameRange     '2.12.0',
492 silly addNameRange     '2.12.1',
492 silly addNameRange     '2.12.2',
492 silly addNameRange     '2.12.3',
492 silly addNameRange     '2.12.4',
492 silly addNameRange     '2.12.5',
492 silly addNameRange     '2.13.0',
492 silly addNameRange     '2.13.1',
492 silly addNameRange     '2.13.2',
492 silly addNameRange     '2.13.3',
492 silly addNameRange     '2.14.0',
492 silly addNameRange     '2.14.1',
492 silly addNameRange     '2.14.2',
492 silly addNameRange     '2.15.0',
492 silly addNameRange     '2.16.0',
492 silly addNameRange     '2.17.0',
492 silly addNameRange     '2.17.1',
492 silly addNameRange     '2.17.2',
492 silly addNameRange     '2.17.3',
492 silly addNameRange     '2.17.4',
492 silly addNameRange     '2.18.0',
492 silly addNameRange     '2.18.1',
492 silly addNameRange     '2.19.0',
492 silly addNameRange     '2.20.0',
492 silly addNameRange     '2.20.1',
492 silly addNameRange     '2.20.2',
492 silly addNameRange     '2.21.0',
492 silly addNameRange     '2.22.0',
492 silly addNameRange     '2.23.0',
492 silly addNameRange     '2.23.1',
492 silly addNameRange     '2.24.0',
492 silly addNameRange     '2.24.1',
492 silly addNameRange     '2.24.2',
492 silly addNameRange     '2.24.3',
492 silly addNameRange     '2.25.0',
492 silly addNameRange     '2.25.1',
492 silly addNameRange     '2.26.0',
492 silly addNameRange     '2.27.0',
492 silly addNameRange     '2.27.1',
492 silly addNameRange     '2.28.0',
492 silly addNameRange     '2.29.0',
492 silly addNameRange     '2.29.1',
492 silly addNameRange     '2.30.0',
492 silly addNameRange     '2.31.0',
492 silly addNameRange     '2.32.0',
492 silly addNameRange     '2.32.1',
492 silly addNameRange     '2.32.2',
492 silly addNameRange     '2.32.3',
492 silly addNameRange     '2.32.4',
492 silly addNameRange     '2.33.0',
492 silly addNameRange     '2.33.1',
492 silly addNameRange     '2.34.0',
492 silly addNameRange     '2.34.1',
492 silly addNameRange     '2.34.2',
492 silly addNameRange     '2.34.3',
492 silly addNameRange     '2.35.0',
492 silly addNameRange     '2.35.1',
492 silly addNameRange     '2.35.2',
492 silly addNameRange     '2.35.3',
492 silly addNameRange     '2.35.4',
492 silly addNameRange     '2.36.0',
492 silly addNameRange     '2.36.1',
492 silly addNameRange     '3.0.0',
492 silly addNameRange     '3.1.0',
492 silly addNameRange     '3.1.1',
492 silly addNameRange     '3.1.2',
492 silly addNameRange     '3.1.3',
492 silly addNameRange     '3.2.0',
492 silly addNameRange     '3.2.1',
492 silly addNameRange     '3.2.2',
492 silly addNameRange     '3.3.0',
492 silly addNameRange     '3.4.0',
492 silly addNameRange     '3.4.1',
492 silly addNameRange     '3.5.0',
492 silly addNameRange     '3.6.0',
492 silly addNameRange     '3.7.0',
492 silly addNameRange     '3.8.0',
492 silly addNameRange     '3.8.1',
492 silly addNameRange     '3.9.0',
492 silly addNameRange     '3.9.1',
492 silly addNameRange     '3.10.0',
492 silly addNameRange     '3.11.0',
492 silly addNameRange     '3.11.1',
492 silly addNameRange     '3.12.0',
492 silly addNameRange     '3.13.0',
492 silly addNameRange     '3.14.0',
492 silly addNameRange     '3.14.1',
492 silly addNameRange     '3.16.0',
492 silly addNameRange     '3.16.1',
492 silly addNameRange     '3.17.0',
492 silly addNameRange     '3.18.0',
492 silly addNameRange     '3.19.0',
492 silly addNameRange     '3.19.1',
492 silly addNameRange     '3.20.0',
492 silly addNameRange     '3.20.1',
492 silly addNameRange     '3.20.2',
492 silly addNameRange     '3.21.0',
492 silly addNameRange     '3.21.1',
492 silly addNameRange     '3.22.0',
492 silly addNameRange     '3.22.1',
492 silly addNameRange     '3.23.0',
492 silly addNameRange     '3.23.1',
492 silly addNameRange     '3.24.0',
492 silly addNameRange     '3.24.1',
492 silly addNameRange     '3.24.2',
492 silly addNameRange     '3.24.3',
492 silly addNameRange     '3.24.4',
492 silly addNameRange     '3.24.5',
492 silly addNameRange     '3.24.6',
492 silly addNameRange     '3.24.7',
492 silly addNameRange     '3.24.8',
492 silly addNameRange     '3.24.9',
492 silly addNameRange     '3.24.10',
492 silly addNameRange     '3.24.11',
492 silly addNameRange     '3.24.13',
492 silly addNameRange     '3.25.0',
492 silly addNameRange     '3.25.1',
492 silly addNameRange     '3.25.2',
492 silly addNameRange     '3.26.0',
492 silly addNameRange     '3.27.0',
492 silly addNameRange     '3.27.1',
492 silly addNameRange     '3.28.0',
492 silly addNameRange     '3.28.1',
492 silly addNameRange     '3.28.2',
492 silly addNameRange     '3.29.0',
492 silly addNameRange     '3.29.1',
492 silly addNameRange     '3.30.0',
492 silly addNameRange     '3.30.1',
492 silly addNameRange     '3.30.2',
492 silly addNameRange     '3.30.3',
492 silly addNameRange     '3.30.4',
492 silly addNameRange     '3.31.0',
492 silly addNameRange     '3.31.1',
492 silly addNameRange     '3.31.2',
492 silly addNameRange     '3.32.0',
492 silly addNameRange     '3.32.1',
492 silly addNameRange     '3.33.0',
492 silly addNameRange     '3.33.1',
492 silly addNameRange     '3.34.0',
492 silly addNameRange     '3.35.0',
492 silly addNameRange     '3.36.0',
492 silly addNameRange     '3.36.1',
492 silly addNameRange     '3.37.0',
492 silly addNameRange     '3.37.1',
492 silly addNameRange     '3.37.2',
492 silly addNameRange     '3.38.0',
492 silly addNameRange     '3.38.1',
492 silly addNameRange     '3.39.0',
492 silly addNameRange     '3.40.0',
492 silly addNameRange     '3.40.1',
492 silly addNameRange     '3.40.2',
492 silly addNameRange     '3.40.3',
492 silly addNameRange     '3.40.4',
492 silly addNameRange     '3.41.0',
492 silly addNameRange     '3.42.0',
492 silly addNameRange     '3.43.0',
492 silly addNameRange     '3.44.0',
492 silly addNameRange     '3.44.1',
492 silly addNameRange     '3.44.2',
492 silly addNameRange     '3.45.0',
492 silly addNameRange     '3.46.0',
492 silly addNameRange     '3.46.1',
492 silly addNameRange     '4.0.0',
492 silly addNameRange     '4.1.0',
492 silly addNameRange     '4.1.1',
492 silly addNameRange     '4.1.2',
492 silly addNameRange     '4.1.3',
492 silly addNameRange     '4.1.4',
492 silly addNameRange     '4.1.5',
492 silly addNameRange     '4.1.6',
492 silly addNameRange     '4.1.7',
492 silly addNameRange     '4.1.8',
492 silly addNameRange     '4.1.9',
492 silly addNameRange     '4.1.10',
492 silly addNameRange     '4.1.11',
492 silly addNameRange     '4.2.0',
492 silly addNameRange     '4.2.1',
492 silly addNameRange     '4.2.2',
492 silly addNameRange     '4.2.3',
492 silly addNameRange     '5.0.0',
492 silly addNameRange     '5.0.1',
492 silly addNameRange     '5.0.2',
492 silly addNameRange     '5.0.3',
492 silly addNameRange     '5.0.4',
492 silly addNameRange     '5.0.5',
492 silly addNameRange     '5.0.6',
492 silly addNameRange     '5.0.7',
492 silly addNameRange     '5.0.8',
492 silly addNameRange     '5.1.0',
492 silly addNameRange     '5.1.1',
492 silly addNameRange     '5.2.0',
492 silly addNameRange     '5.2.1',
492 silly addNameRange     '5.3.0',
492 silly addNameRange     '5.4.0',
492 silly addNameRange     '5.4.1',
492 silly addNameRange     '5.4.2',
492 silly addNameRange     '5.5.0',
492 silly addNameRange     '5.6.0',
492 silly addNameRange     '5.6.1',
492 silly addNameRange     '5.7.0',
492 silly addNameRange     '5.8.0',
492 silly addNameRange     '5.9.0',
492 silly addNameRange     '5.9.1',
492 silly addNameRange     '5.9.2',
492 silly addNameRange     '5.9.3',
492 silly addNameRange     '5.10.0',
492 silly addNameRange     '5.10.1',
492 silly addNameRange     '5.11.0',
492 silly addNameRange     '5.11.1',
492 silly addNameRange     '5.11.2',
492 silly addNameRange     '5.12.0',
492 silly addNameRange     '5.12.1',
492 silly addNameRange     '5.12.2',
492 silly addNameRange     '5.13.0',
492 silly addNameRange     '5.13.1',
492 silly addNameRange     '6.0.0',
492 silly addNameRange     '6.0.1',
492 silly addNameRange     '6.0.2',
492 silly addNameRange     '6.0.3',
492 silly addNameRange     '6.1.0',
492 silly addNameRange     '6.1.1',
492 silly addNameRange     '6.1.2',
492 silly addNameRange     '6.2.0',
492 silly addNameRange     '6.3.0',
492 silly addNameRange     '6.3.1',
492 silly addNameRange     '6.3.2',
492 silly addNameRange     '6.3.3',
492 silly addNameRange     '6.3.4',
492 silly addNameRange     '7.0.0',
492 silly addNameRange     '7.0.1',
492 silly addNameRange     '7.0.2',
492 silly addNameRange     '7.0.3',
492 silly addNameRange     '7.1.0',
492 silly addNameRange     '8.0.0',
492 silly addNameRange     '8.0.1',
492 silly addNameRange     '8.0.2',
492 silly addNameRange     '8.0.3',
492 silly addNameRange     '8.1.0',
492 silly addNameRange     '8.1.1',
492 silly addNameRange     '8.1.2',
492 silly addNameRange     '8.1.3',
492 silly addNameRange     '9.0.0',
492 silly addNameRange     '9.0.1',
492 silly addNameRange     '9.0.2',
492 silly addNameRange     '9.0.3',
492 silly addNameRange     '9.0.4',
492 silly addNameRange     '9.0.5',
492 silly addNameRange     '9.0.6',
492 silly addNameRange     '9.0.7',
492 silly addNameRange     '9.0.8',
492 silly addNameRange     '10.0.0',
492 silly addNameRange     '10.1.0',
492 silly addNameRange     '10.1.1',
492 silly addNameRange     '10.1.2',
492 silly addNameRange     '10.1.3',
492 silly addNameRange     '10.2.0',
492 silly addNameRange     '10.2.1',
492 silly addNameRange     '10.2.3',
492 silly addNameRange     '10.2.4',
492 silly addNameRange     '10.2.5',
492 silly addNameRange     '10.2.6',
492 silly addNameRange     '11.0.0',
492 silly addNameRange     '11.0.1',
492 silly addNameRange     '11.1.0',
492 silly addNameRange     '11.2.0',
492 silly addNameRange     '12.0.0',
492 silly addNameRange     '12.0.1',
492 silly addNameRange     '12.0.2',
492 silly addNameRange     '13.0.0',
492 silly addNameRange     '13.0.1',
492 silly addNameRange     '13.1.0',
492 silly addNameRange     '13.1.1' ] ]
493 silly addNamed browserify@13.1.1
494 verbose addNamed "13.1.1" is a plain semver version for browserify
495 silly mapToRegistry name browserify
496 silly mapToRegistry using default registry
497 silly mapToRegistry registry https://registry.npmjs.org/
498 silly mapToRegistry data Result {
498 silly mapToRegistry   raw: 'browserify',
498 silly mapToRegistry   scope: null,
498 silly mapToRegistry   escapedName: 'browserify',
498 silly mapToRegistry   name: 'browserify',
498 silly mapToRegistry   rawSpec: '',
498 silly mapToRegistry   spec: 'latest',
498 silly mapToRegistry   type: 'tag' }
499 silly mapToRegistry uri https://registry.npmjs.org/browserify
500 verbose addRemoteTarball https://registry.npmjs.org/browserify/-/browserify-13.1.1.tgz not in flight; adding
501 verbose addRemoteTarball [ 'https://registry.npmjs.org/browserify/-/browserify-13.1.1.tgz',
501 verbose addRemoteTarball   '72a2310e2f706ed87db929cf0ee73a5e195d9bb0' ]
502 info retry fetch attempt 1 at 2:18:49 PM
503 info attempt registry request try #1 at 2:18:49 PM
504 http fetch GET https://registry.npmjs.org/browserify/-/browserify-13.1.1.tgz
505 http fetch 200 https://registry.npmjs.org/browserify/-/browserify-13.1.1.tgz
506 info attempt registry request try #3 at 2:19:01 PM
507 http fetch GET https://registry.npmjs.org/libxmljs/-/libxmljs-0.18.0.tgz
508 silly fetchAndShaCheck shasum 72a2310e2f706ed87db929cf0ee73a5e195d9bb0
509 verbose addTmpTarball C:\Users\Samuel\AppData\Local\Temp\npm-15516-c70e3818\registry.npmjs.org\browserify\-\browserify-13.1.1.tgz not in flight; adding
510 verbose addTmpTarball already have metadata; skipping unpack for browserify@13.1.1
511 verbose correctMkdir C:\Users\Samuel\AppData\Roaming\npm-cache correctMkdir not in flight; initializing
512 silly cache afterAdd browserify@13.1.1
513 verbose afterAdd C:\Users\Samuel\AppData\Roaming\npm-cache\browserify\13.1.1\package\package.json not in flight; writing
514 verbose correctMkdir C:\Users\Samuel\AppData\Roaming\npm-cache correctMkdir not in flight; initializing
515 verbose afterAdd C:\Users\Samuel\AppData\Roaming\npm-cache\browserify\13.1.1\package\package.json written
516 http fetch 200 https://registry.npmjs.org/libxmljs/-/libxmljs-0.18.0.tgz
517 silly fetchAndShaCheck shasum 96a53a0bc00649daf78f4fc074a23e644c223b4c
518 verbose addTmpTarball C:\Users\Samuel\AppData\Local\Temp\npm-15516-c70e3818\registry.npmjs.org\node-expat\-\node-expat-2.3.15.tgz not in flight; adding
519 verbose addTmpTarball already have metadata; skipping unpack for node-expat@2.3.15
520 verbose correctMkdir C:\Users\Samuel\AppData\Roaming\npm-cache correctMkdir not in flight; initializing
521 silly cache afterAdd node-expat@2.3.15
522 verbose afterAdd C:\Users\Samuel\AppData\Roaming\npm-cache\node-expat\2.3.15\package\package.json not in flight; writing
523 verbose correctMkdir C:\Users\Samuel\AppData\Roaming\npm-cache correctMkdir not in flight; initializing
524 verbose afterAdd C:\Users\Samuel\AppData\Roaming\npm-cache\node-expat\2.3.15\package\package.json written
525 silly rollbackFailedOptional Starting
526 silly rollbackFailedOptional Finishing
527 silly runTopLevelLifecycles Starting
528 silly runTopLevelLifecycles Finishing
529 silly install printInstalled
530 verbose stack Error: shasum check failed for C:\Users\Samuel\AppData\Local\Temp\npm-15516-c70e3818\registry.npmjs.org\libxmljs\-\libxmljs-0.18.0.tgz
530 verbose stack Expected: e2993dcf28e4dc60e73486e2db6225dc24d18531
530 verbose stack Actual:   7be7d3af5ac73f5a9784c82489156383a47fbbc2
530 verbose stack From:     https://registry.npmjs.org/libxmljs/-/libxmljs-0.18.0.tgz
530 verbose stack     at C:\Users\Samuel\AppData\Roaming\npm\node_modules\npm\node_modules\sha\index.js:25:8
530 verbose stack     at ReadStream.<anonymous> (C:\Users\Samuel\AppData\Roaming\npm\node_modules\npm\node_modules\sha\index.js:72:7)
530 verbose stack     at emitNone (events.js:85:20)
530 verbose stack     at ReadStream.emit (events.js:179:7)
530 verbose stack     at endReadableNT (_stream_readable.js:913:12)
530 verbose stack     at _combinedTickCallback (internal/process/next_tick.js:74:11)
530 verbose stack     at process._tickCallback (internal/process/next_tick.js:98:9)
531 verbose cwd C:\APPLAB\JAVASCRIPTLAND\ltx-ea
532 error Windows_NT 10.0.14393
533 error argv "C:\\Program Files\\nodejs\\node.exe" "C:\\Users\\Samuel\\AppData\\Roaming\\npm\\node_modules\\npm\\bin\\npm-cli.js" "install"
534 error node v5.10.1
535 error npm  v3.10.3
536 error shasum check failed for C:\Users\Samuel\AppData\Local\Temp\npm-15516-c70e3818\registry.npmjs.org\libxmljs\-\libxmljs-0.18.0.tgz
536 error Expected: e2993dcf28e4dc60e73486e2db6225dc24d18531
536 error Actual:   7be7d3af5ac73f5a9784c82489156383a47fbbc2
536 error From:     https://registry.npmjs.org/libxmljs/-/libxmljs-0.18.0.tgz
537 error If you need help, you may report this error at:
537 error     <https://github.com/npm/npm/issues>
538 verbose exit [ 1, true ]
